{"numFailedTestSuites":1,"numFailedTests":1,"numPassedTestSuites":0,"numPassedTests":3,"numPendingTestSuites":0,"numPendingTests":0,"numRuntimeErrorTestSuites":0,"numTodoTests":0,"numTotalTestSuites":1,"numTotalTests":4,"openHandles":[],"snapshot":{"added":0,"didUpdate":false,"failure":false,"filesAdded":0,"filesRemoved":0,"filesRemovedList":[],"filesUnmatched":0,"filesUpdated":0,"matched":0,"total":0,"unchecked":0,"uncheckedKeysByFile":[],"unmatched":0,"updated":0},"startTime":1773888942561,"success":false,"testResults":[{"assertionResults":[{"ancestorTitles":["Braintree token controller integration tests with BrainTree & Database","Generate braintree token"],"duration":1245,"failureDetails":[],"failureMessages":[],"fullName":"Braintree token controller integration tests with BrainTree & Database Generate braintree token Successfully generate a braintree token from the Braintree API","invocations":1,"location":null,"numPassingAsserts":4,"retryReasons":[],"status":"passed","title":"Successfully generate a braintree token from the Braintree API"},{"ancestorTitles":["Braintree token controller integration tests with BrainTree & Database","Make Payment"],"duration":638,"failureDetails":[{"errors":{"products.0":{"stringValue":"\"[ { name: 'Product 1', price: 10 }, { name: 'Product 2', price: 20 } ]\"","kind":"[ObjectId]","value":"[ { name: 'Product 1', price: 10 }, { name: 'Product 2', price: 20 } ]","path":"products.0","reason":{"stringValue":"\"{ name: 'Product 1', price: 10 }\"","kind":"ObjectId","value":{"name":"Product 1","price":10},"path":"products","reason":{},"valueType":"Object"},"valueType":"string"}},"_message":"Order validation failed"},{"matcherResult":{"actual":0,"expected":1,"message":"\u001b[2mexpect(\u001b[22m\u001b[31mreceived\u001b[39m\u001b[2m).\u001b[22mtoBe\u001b[2m(\u001b[22m\u001b[32mexpected\u001b[39m\u001b[2m) // Object.is equality\u001b[22m\n\nExpected: \u001b[32m1\u001b[39m\nReceived: \u001b[31m0\u001b[39m","name":"toBe","pass":false}}],"failureMessages":["ValidationError: Order validation failed: products.0: Cast to [ObjectId] failed for value \"[ { name: 'Product 1', price: 10 }, { name: 'Product 2', price: 20 } ]\" (type string) at path \"products.0\" because of \"CastError\"\n    at model.Object.<anonymous>.Document.invalidate (C:\\Users\\NiCheng\\OneDrive - National University of Singapore\\Desktop\\NUS Stuff\\Year 3\\Sem 2\\CS4218 - Software Testing\\Group Project\\cs4218-2520-ecom-project-c24218-2520-team01\\node_modules\\mongoose\\lib\\document.js:3329:32)\n    at model.$set (C:\\Users\\NiCheng\\OneDrive - National University of Singapore\\Desktop\\NUS Stuff\\Year 3\\Sem 2\\CS4218 - Software Testing\\Group Project\\cs4218-2520-ecom-project-c24218-2520-team01\\node_modules\\mongoose\\lib\\document.js:1480:12)\n    at model.$set (C:\\Users\\NiCheng\\OneDrive - National University of Singapore\\Desktop\\NUS Stuff\\Year 3\\Sem 2\\CS4218 - Software Testing\\Group Project\\cs4218-2520-ecom-project-c24218-2520-team01\\node_modules\\mongoose\\lib\\document.js:1132:16)\n    at model.Document (C:\\Users\\NiCheng\\OneDrive - National University of Singapore\\Desktop\\NUS Stuff\\Year 3\\Sem 2\\CS4218 - Software Testing\\Group Project\\cs4218-2520-ecom-project-c24218-2520-team01\\node_modules\\mongoose\\lib\\document.js:178:12)\n    at model.Model (C:\\Users\\NiCheng\\OneDrive - National University of Singapore\\Desktop\\NUS Stuff\\Year 3\\Sem 2\\CS4218 - Software Testing\\Group Project\\cs4218-2520-ecom-project-c24218-2520-team01\\node_modules\\mongoose\\lib\\model.js:128:12)\n    at new model (C:\\Users\\NiCheng\\OneDrive - National University of Singapore\\Desktop\\NUS Stuff\\Year 3\\Sem 2\\CS4218 - Software Testing\\Group Project\\cs4218-2520-ecom-project-c24218-2520-team01\\node_modules\\mongoose\\lib\\model.js:4800:15)\n    at C:\\Users\\NiCheng\\OneDrive - National University of Singapore\\Desktop\\NUS Stuff\\Year 3\\Sem 2\\CS4218 - Software Testing\\Group Project\\cs4218-2520-ecom-project-c24218-2520-team01\\controllers\\productController.js:470:35\n    at Timeout._onTimeout (C:\\Users\\NiCheng\\OneDrive - National University of Singapore\\Desktop\\NUS Stuff\\Year 3\\Sem 2\\CS4218 - Software Testing\\Group Project\\cs4218-2520-ecom-project-c24218-2520-team01\\node_modules\\@braintree\\wrap-promise\\dist\\lib\\deferred.js:11:20)\n    at listOnTimeout (node:internal/timers:605:17)\n    at processTimers (node:internal/timers:541:7)","Error: \u001b[2mexpect(\u001b[22m\u001b[31mreceived\u001b[39m\u001b[2m).\u001b[22mtoBe\u001b[2m(\u001b[22m\u001b[32mexpected\u001b[39m\u001b[2m) // Object.is equality\u001b[22m\n\nExpected: \u001b[32m1\u001b[39m\nReceived: \u001b[31m0\u001b[39m\n    at Object.toBe (C:\\Users\\NiCheng\\OneDrive - National University of Singapore\\Desktop\\NUS Stuff\\Year 3\\Sem 2\\CS4218 - Software Testing\\Group Project\\cs4218-2520-ecom-project-c24218-2520-team01\\tests\\integration\\controllers\\paymentControllerIntegration.test.js:115:35)\n    at processTicksAndRejections (node:internal/process/task_queues:103:5)"],"fullName":"Braintree token controller integration tests with BrainTree & Database Make Payment Successfully make a payment and save order to DB","invocations":1,"location":null,"numPassingAsserts":2,"retryReasons":[],"status":"failed","title":"Successfully make a payment and save order to DB"},{"ancestorTitles":["Braintree token controller integration tests with BrainTree & Database","Make Payment"],"duration":4,"failureDetails":[],"failureMessages":[],"fullName":"Braintree token controller integration tests with BrainTree & Database Make Payment Fail when nonce is not provided","invocations":1,"location":null,"numPassingAsserts":3,"retryReasons":[],"status":"passed","title":"Fail when nonce is not provided"},{"ancestorTitles":["Braintree token controller integration tests with BrainTree & Database","Make Payment"],"duration":3,"failureDetails":[],"failureMessages":[],"fullName":"Braintree token controller integration tests with BrainTree & Database Make Payment Fail when cart is empty","invocations":1,"location":null,"numPassingAsserts":3,"retryReasons":[],"status":"passed","title":"Fail when cart is empty"}],"endTime":1773888948380,"message":"\u001b[1m\u001b[31m  \u001b[1m● \u001b[22m\u001b[1mBraintree token controller integration tests with BrainTree & Database › Make Payment › Successfully make a payment and save order to DB\u001b[39m\u001b[22m\n\n    ValidationError: Order validation failed: products.0: Cast to [ObjectId] failed for value \"[ { name: 'Product 1', price: 10 }, { name: 'Product 2', price: 20 } ]\" (type string) at path \"products.0\" because of \"CastError\"\n\u001b[2m\u001b[22m\n\u001b[2m    \u001b[0m \u001b[90m 468 |\u001b[39m             \u001b[36mfunction\u001b[39m (error\u001b[33m,\u001b[39m result) {\u001b[22m\n\u001b[2m     \u001b[90m 469 |\u001b[39m                 \u001b[36mif\u001b[39m (result) {\u001b[22m\n\u001b[2m    \u001b[31m\u001b[1m>\u001b[22m\u001b[2m\u001b[39m\u001b[90m 470 |\u001b[39m                     \u001b[36mconst\u001b[39m order \u001b[33m=\u001b[39m \u001b[36mnew\u001b[39m orderModel({\u001b[22m\n\u001b[2m     \u001b[90m     |\u001b[39m                                   \u001b[31m\u001b[1m^\u001b[22m\u001b[2m\u001b[39m\u001b[22m\n\u001b[2m     \u001b[90m 471 |\u001b[39m                         products\u001b[33m:\u001b[39m cart\u001b[33m,\u001b[39m\u001b[22m\n\u001b[2m     \u001b[90m 472 |\u001b[39m                         payment\u001b[33m:\u001b[39m result\u001b[33m,\u001b[39m\u001b[22m\n\u001b[2m     \u001b[90m 473 |\u001b[39m                         buyer\u001b[33m:\u001b[39m req\u001b[33m.\u001b[39muser\u001b[33m.\u001b[39m_id\u001b[33m,\u001b[39m\u001b[0m\u001b[22m\n\u001b[2m\u001b[22m\n\u001b[2m      \u001b[2mat model.Object.<anonymous>.Document.invalidate (\u001b[22m\u001b[2mnode_modules/mongoose/lib/document.js\u001b[2m:3329:32)\u001b[22m\u001b[2m\u001b[22m\n\u001b[2m      \u001b[2mat model.$set (\u001b[22m\u001b[2mnode_modules/mongoose/lib/document.js\u001b[2m:1480:12)\u001b[22m\u001b[2m\u001b[22m\n\u001b[2m      \u001b[2mat model.$set (\u001b[22m\u001b[2mnode_modules/mongoose/lib/document.js\u001b[2m:1132:16)\u001b[22m\u001b[2m\u001b[22m\n\u001b[2m      \u001b[2mat model.Document (\u001b[22m\u001b[2mnode_modules/mongoose/lib/document.js\u001b[2m:178:12)\u001b[22m\u001b[2m\u001b[22m\n\u001b[2m      \u001b[2mat model.Model (\u001b[22m\u001b[2mnode_modules/mongoose/lib/model.js\u001b[2m:128:12)\u001b[22m\u001b[2m\u001b[22m\n\u001b[2m      \u001b[2mat new model (\u001b[22m\u001b[2mnode_modules/mongoose/lib/model.js\u001b[2m:4800:15)\u001b[22m\u001b[2m\u001b[22m\n\u001b[2m      \u001b[2mat \u001b[22m\u001b[2mcontrollers/productController.js\u001b[2m:470:35\u001b[22m\u001b[2m\u001b[22m\n\u001b[2m      \u001b[2mat Timeout._onTimeout (\u001b[22m\u001b[2mnode_modules/@braintree/wrap-promise/dist/lib/deferred.js\u001b[2m:11:20)\u001b[22m\u001b[2m\u001b[22m\n\n\u001b[1m\u001b[31m  \u001b[1m● \u001b[22m\u001b[1mBraintree token controller integration tests with BrainTree & Database › Make Payment › Successfully make a payment and save order to DB\u001b[39m\u001b[22m\n\n    \u001b[2mexpect(\u001b[22m\u001b[31mreceived\u001b[39m\u001b[2m).\u001b[22mtoBe\u001b[2m(\u001b[22m\u001b[32mexpected\u001b[39m\u001b[2m) // Object.is equality\u001b[22m\n\n    Expected: \u001b[32m1\u001b[39m\n    Received: \u001b[31m0\u001b[39m\n\u001b[2m\u001b[22m\n\u001b[2m    \u001b[0m \u001b[90m 113 |\u001b[39m             \u001b[90m// Verify order was saved in DB\u001b[39m\u001b[22m\n\u001b[2m     \u001b[90m 114 |\u001b[39m             \u001b[36mconst\u001b[39m orders \u001b[33m=\u001b[39m \u001b[36mawait\u001b[39m orderModel\u001b[33m.\u001b[39mfind({})\u001b[33m;\u001b[39m\u001b[22m\n\u001b[2m    \u001b[31m\u001b[1m>\u001b[22m\u001b[2m\u001b[39m\u001b[90m 115 |\u001b[39m             expect(orders\u001b[33m.\u001b[39mlength)\u001b[33m.\u001b[39mtoBe(\u001b[35m1\u001b[39m)\u001b[33m;\u001b[39m\u001b[22m\n\u001b[2m     \u001b[90m     |\u001b[39m                                   \u001b[31m\u001b[1m^\u001b[22m\u001b[2m\u001b[39m\u001b[22m\n\u001b[2m     \u001b[90m 116 |\u001b[39m             expect(orders[\u001b[35m0\u001b[39m]\u001b[33m.\u001b[39mbuyer\u001b[33m.\u001b[39mtoString())\u001b[33m.\u001b[39mtoBe(req\u001b[33m.\u001b[39muser\u001b[33m.\u001b[39m_id\u001b[33m.\u001b[39mtoString())\u001b[33m;\u001b[39m\u001b[22m\n\u001b[2m     \u001b[90m 117 |\u001b[39m             expect(orders[\u001b[35m0\u001b[39m]\u001b[33m.\u001b[39mproducts\u001b[33m.\u001b[39mlength)\u001b[33m.\u001b[39mtoBe(\u001b[35m2\u001b[39m)\u001b[33m;\u001b[39m\u001b[22m\n\u001b[2m     \u001b[90m 118 |\u001b[39m             expect(orders[\u001b[35m0\u001b[39m]\u001b[33m.\u001b[39mpayment)\u001b[33m.\u001b[39mtoBeDefined()\u001b[33m;\u001b[39m\u001b[0m\u001b[22m\n\u001b[2m\u001b[22m\n\u001b[2m      \u001b[2mat Object.toBe (\u001b[22m\u001b[2m\u001b[0m\u001b[36mtests/integration/controllers/paymentControllerIntegration.test.js\u001b[39m\u001b[0m\u001b[2m:115:35)\u001b[22m\u001b[2m\u001b[22m\n","name":"C:\\Users\\NiCheng\\OneDrive - National University of Singapore\\Desktop\\NUS Stuff\\Year 3\\Sem 2\\CS4218 - Software Testing\\Group Project\\cs4218-2520-ecom-project-c24218-2520-team01\\tests\\integration\\controllers\\paymentControllerIntegration.test.js","startTime":1773888942648,"status":"failed","summary":""}],"wasInterrupted":false,"coverageMap":{"C:\\Users\\NiCheng\\OneDrive - National University of Singapore\\Desktop\\NUS Stuff\\Year 3\\Sem 2\\CS4218 - Software Testing\\Group Project\\cs4218-2520-ecom-project-c24218-2520-team01\\models\\categoryModel.js":{"path":"C:\\Users\\NiCheng\\OneDrive - National University of Singapore\\Desktop\\NUS Stuff\\Year 3\\Sem 2\\CS4218 - Software Testing\\Group Project\\cs4218-2520-ecom-project-c24218-2520-team01\\models\\categoryModel.js","statementMap":{"0":{"start":{"line":3,"column":23},"end":{"line":13,"column":2}}},"fnMap":{},"branchMap":{},"s":{"0":1},"f":{},"b":{},"_coverageSchema":"1a1c01bbd47fc00a2c39e90264f33305004495a9","hash":"c30f8fe8daf0b3e9045f218d64bfaa592fd6cd58"},"C:\\Users\\NiCheng\\OneDrive - National University of Singapore\\Desktop\\NUS Stuff\\Year 3\\Sem 2\\CS4218 - Software Testing\\Group Project\\cs4218-2520-ecom-project-c24218-2520-team01\\models\\orderModel.js":{"path":"C:\\Users\\NiCheng\\OneDrive - National University of Singapore\\Desktop\\NUS Stuff\\Year 3\\Sem 2\\CS4218 - Software Testing\\Group Project\\cs4218-2520-ecom-project-c24218-2520-team01\\models\\orderModel.js","statementMap":{"0":{"start":{"line":3,"column":20},"end":{"line":23,"column":1}}},"fnMap":{},"branchMap":{},"s":{"0":1},"f":{},"b":{},"_coverageSchema":"1a1c01bbd47fc00a2c39e90264f33305004495a9","hash":"6abfa5e0d87292de12ef805614e53d8fb105ee20"},"C:\\Users\\NiCheng\\OneDrive - National University of Singapore\\Desktop\\NUS Stuff\\Year 3\\Sem 2\\CS4218 - Software Testing\\Group Project\\cs4218-2520-ecom-project-c24218-2520-team01\\models\\productModel.js":{"path":"C:\\Users\\NiCheng\\OneDrive - National University of Singapore\\Desktop\\NUS Stuff\\Year 3\\Sem 2\\CS4218 - Software Testing\\Group Project\\cs4218-2520-ecom-project-c24218-2520-team01\\models\\productModel.js","statementMap":{"0":{"start":{"line":3,"column":22},"end":{"line":39,"column":1}}},"fnMap":{},"branchMap":{},"s":{"0":1},"f":{},"b":{},"_coverageSchema":"1a1c01bbd47fc00a2c39e90264f33305004495a9","hash":"49a541cb31d9868a5cf4d542d030dd8b263fe2fe"},"C:\\Users\\NiCheng\\OneDrive - National University of Singapore\\Desktop\\NUS Stuff\\Year 3\\Sem 2\\CS4218 - Software Testing\\Group Project\\cs4218-2520-ecom-project-c24218-2520-team01\\controllers\\productController.js":{"path":"C:\\Users\\NiCheng\\OneDrive - National University of Singapore\\Desktop\\NUS Stuff\\Year 3\\Sem 2\\CS4218 - Software Testing\\Group Project\\cs4218-2520-ecom-project-c24218-2520-team01\\controllers\\productController.js","statementMap":{"0":{"start":{"line":10,"column":0},"end":{"line":10,"column":16}},"1":{"start":{"line":13,"column":14},"end":{"line":18,"column":2}},"2":{"start":{"line":20,"column":39},"end":{"line":71,"column":1}},"3":{"start":{"line":21,"column":4},"end":{"line":70,"column":5}},"4":{"start":{"line":23,"column":12},"end":{"line":23,"column":22}},"5":{"start":{"line":24,"column":26},"end":{"line":24,"column":35}},"6":{"start":{"line":26,"column":8},"end":{"line":47,"column":9}},"7":{"start":{"line":28,"column":16},"end":{"line":28,"column":75}},"8":{"start":{"line":30,"column":16},"end":{"line":32,"column":64}},"9":{"start":{"line":34,"column":16},"end":{"line":34,"column":76}},"10":{"start":{"line":36,"column":16},"end":{"line":36,"column":79}},"11":{"start":{"line":38,"column":16},"end":{"line":38,"column":79}},"12":{"start":{"line":40,"column":16},"end":{"line":42,"column":19}},"13":{"start":{"line":44,"column":16},"end":{"line":46,"column":19}},"14":{"start":{"line":49,"column":25},"end":{"line":52,"column":10}},"15":{"start":{"line":54,"column":8},"end":{"line":54,"column":58}},"16":{"start":{"line":55,"column":8},"end":{"line":55,"column":48}},"17":{"start":{"line":57,"column":8},"end":{"line":57,"column":30}},"18":{"start":{"line":58,"column":8},"end":{"line":62,"column":11}},"19":{"start":{"line":64,"column":8},"end":{"line":64,"column":27}},"20":{"start":{"line":65,"column":8},"end":{"line":69,"column":11}},"21":{"start":{"line":74,"column":36},"end":{"line":96,"column":1}},"22":{"start":{"line":75,"column":4},"end":{"line":95,"column":5}},"23":{"start":{"line":76,"column":25},"end":{"line":81,"column":36}},"24":{"start":{"line":82,"column":8},"end":{"line":87,"column":11}},"25":{"start":{"line":89,"column":8},"end":{"line":89,"column":27}},"26":{"start":{"line":90,"column":8},"end":{"line":94,"column":11}},"27":{"start":{"line":98,"column":42},"end":{"line":125,"column":1}},"28":{"start":{"line":99,"column":4},"end":{"line":124,"column":5}},"29":{"start":{"line":100,"column":24},"end":{"line":103,"column":33}},"30":{"start":{"line":105,"column":8},"end":{"line":111,"column":9}},"31":{"start":{"line":106,"column":12},"end":{"line":109,"column":15}},"32":{"start":{"line":110,"column":12},"end":{"line":110,"column":19}},"33":{"start":{"line":112,"column":8},"end":{"line":116,"column":11}},"34":{"start":{"line":118,"column":8},"end":{"line":118,"column":27}},"35":{"start":{"line":119,"column":8},"end":{"line":123,"column":11}},"36":{"start":{"line":128,"column":38},"end":{"line":156,"column":1}},"37":{"start":{"line":129,"column":4},"end":{"line":155,"column":5}},"38":{"start":{"line":130,"column":24},"end":{"line":132,"column":28}},"39":{"start":{"line":134,"column":8},"end":{"line":139,"column":9}},"40":{"start":{"line":135,"column":12},"end":{"line":138,"column":15}},"41":{"start":{"line":140,"column":8},"end":{"line":148,"column":9}},"42":{"start":{"line":141,"column":12},"end":{"line":141,"column":63}},"43":{"start":{"line":142,"column":12},"end":{"line":142,"column":60}},"44":{"start":{"line":144,"column":12},"end":{"line":147,"column":15}},"45":{"start":{"line":150,"column":8},"end":{"line":154,"column":11}},"46":{"start":{"line":159,"column":39},"end":{"line":204,"column":1}},"47":{"start":{"line":160,"column":4},"end":{"line":203,"column":5}},"48":{"start":{"line":161,"column":24},"end":{"line":161,"column":34}},"49":{"start":{"line":163,"column":8},"end":{"line":169,"column":9}},"50":{"start":{"line":164,"column":12},"end":{"line":167,"column":15}},"51":{"start":{"line":168,"column":12},"end":{"line":168,"column":19}},"52":{"start":{"line":171,"column":24},"end":{"line":171,"column":76}},"53":{"start":{"line":173,"column":8},"end":{"line":179,"column":9}},"54":{"start":{"line":174,"column":12},"end":{"line":177,"column":15}},"55":{"start":{"line":178,"column":12},"end":{"line":178,"column":19}},"56":{"start":{"line":181,"column":8},"end":{"line":185,"column":11}},"57":{"start":{"line":187,"column":8},"end":{"line":187,"column":27}},"58":{"start":{"line":189,"column":8},"end":{"line":196,"column":9}},"59":{"start":{"line":190,"column":12},"end":{"line":194,"column":15}},"60":{"start":{"line":195,"column":12},"end":{"line":195,"column":19}},"61":{"start":{"line":198,"column":8},"end":{"line":202,"column":11}},"62":{"start":{"line":207,"column":39},"end":{"line":262,"column":1}},"63":{"start":{"line":208,"column":4},"end":{"line":261,"column":5}},"64":{"start":{"line":209,"column":24},"end":{"line":209,"column":34}},"65":{"start":{"line":211,"column":12},"end":{"line":211,"column":22}},"66":{"start":{"line":212,"column":26},"end":{"line":212,"column":35}},"67":{"start":{"line":214,"column":8},"end":{"line":237,"column":9}},"68":{"start":{"line":216,"column":16},"end":{"line":216,"column":74}},"69":{"start":{"line":218,"column":16},"end":{"line":218,"column":75}},"70":{"start":{"line":220,"column":16},"end":{"line":222,"column":64}},"71":{"start":{"line":224,"column":16},"end":{"line":224,"column":76}},"72":{"start":{"line":226,"column":16},"end":{"line":226,"column":79}},"73":{"start":{"line":228,"column":16},"end":{"line":228,"column":79}},"74":{"start":{"line":230,"column":16},"end":{"line":232,"column":19}},"75":{"start":{"line":234,"column":16},"end":{"line":236,"column":19}},"76":{"start":{"line":239,"column":25},"end":{"line":243,"column":9}},"77":{"start":{"line":245,"column":8},"end":{"line":245,"column":58}},"78":{"start":{"line":246,"column":8},"end":{"line":246,"column":48}},"79":{"start":{"line":248,"column":8},"end":{"line":248,"column":30}},"80":{"start":{"line":249,"column":8},"end":{"line":253,"column":11}},"81":{"start":{"line":255,"column":8},"end":{"line":255,"column":27}},"82":{"start":{"line":256,"column":8},"end":{"line":260,"column":11}},"83":{"start":{"line":265,"column":40},"end":{"line":285,"column":1}},"84":{"start":{"line":266,"column":4},"end":{"line":284,"column":5}},"85":{"start":{"line":267,"column":45},"end":{"line":267,"column":53}},"86":{"start":{"line":268,"column":19},"end":{"line":268,"column":21}},"87":{"start":{"line":269,"column":8},"end":{"line":269,"column":56}},"88":{"start":{"line":269,"column":32},"end":{"line":269,"column":56}},"89":{"start":{"line":270,"column":8},"end":{"line":270,"column":74}},"90":{"start":{"line":270,"column":26},"end":{"line":270,"column":74}},"91":{"start":{"line":271,"column":8},"end":{"line":271,"column":26}},"92":{"start":{"line":272,"column":25},"end":{"line":272,"column":54}},"93":{"start":{"line":273,"column":8},"end":{"line":276,"column":11}},"94":{"start":{"line":278,"column":8},"end":{"line":278,"column":27}},"95":{"start":{"line":279,"column":8},"end":{"line":283,"column":11}},"96":{"start":{"line":288,"column":38},"end":{"line":303,"column":1}},"97":{"start":{"line":289,"column":4},"end":{"line":302,"column":5}},"98":{"start":{"line":290,"column":22},"end":{"line":290,"column":74}},"99":{"start":{"line":291,"column":8},"end":{"line":294,"column":11}},"100":{"start":{"line":296,"column":8},"end":{"line":296,"column":27}},"101":{"start":{"line":297,"column":8},"end":{"line":301,"column":11}},"102":{"start":{"line":306,"column":37},"end":{"line":328,"column":1}},"103":{"start":{"line":307,"column":4},"end":{"line":327,"column":5}},"104":{"start":{"line":308,"column":24},"end":{"line":308,"column":25}},"105":{"start":{"line":309,"column":21},"end":{"line":309,"column":58}},"106":{"start":{"line":310,"column":25},"end":{"line":315,"column":36}},"107":{"start":{"line":316,"column":8},"end":{"line":319,"column":11}},"108":{"start":{"line":321,"column":8},"end":{"line":321,"column":27}},"109":{"start":{"line":322,"column":8},"end":{"line":326,"column":11}},"110":{"start":{"line":331,"column":39},"end":{"line":351,"column":1}},"111":{"start":{"line":332,"column":4},"end":{"line":350,"column":5}},"112":{"start":{"line":333,"column":28},"end":{"line":333,"column":38}},"113":{"start":{"line":334,"column":24},"end":{"line":341,"column":29}},"114":{"start":{"line":342,"column":8},"end":{"line":342,"column":26}},"115":{"start":{"line":344,"column":8},"end":{"line":344,"column":27}},"116":{"start":{"line":345,"column":8},"end":{"line":349,"column":11}},"117":{"start":{"line":354,"column":40},"end":{"line":377,"column":1}},"118":{"start":{"line":355,"column":4},"end":{"line":376,"column":5}},"119":{"start":{"line":356,"column":29},"end":{"line":356,"column":39}},"120":{"start":{"line":357,"column":25},"end":{"line":364,"column":33}},"121":{"start":{"line":365,"column":8},"end":{"line":368,"column":11}},"122":{"start":{"line":370,"column":8},"end":{"line":370,"column":27}},"123":{"start":{"line":371,"column":8},"end":{"line":375,"column":11}},"124":{"start":{"line":381,"column":41},"end":{"line":400,"column":1}},"125":{"start":{"line":382,"column":4},"end":{"line":399,"column":5}},"126":{"start":{"line":383,"column":25},"end":{"line":383,"column":79}},"127":{"start":{"line":384,"column":25},"end":{"line":386,"column":33}},"128":{"start":{"line":387,"column":8},"end":{"line":391,"column":11}},"129":{"start":{"line":393,"column":8},"end":{"line":393,"column":27}},"130":{"start":{"line":394,"column":8},"end":{"line":398,"column":11}},"131":{"start":{"line":406,"column":40},"end":{"line":430,"column":1}},"132":{"start":{"line":407,"column":4},"end":{"line":429,"column":5}},"133":{"start":{"line":408,"column":8},"end":{"line":421,"column":11}},"134":{"start":{"line":409,"column":12},"end":{"line":420,"column":13}},"135":{"start":{"line":410,"column":16},"end":{"line":414,"column":19}},"136":{"start":{"line":416,"column":16},"end":{"line":419,"column":19}},"137":{"start":{"line":423,"column":8},"end":{"line":423,"column":27}},"138":{"start":{"line":424,"column":8},"end":{"line":428,"column":11}},"139":{"start":{"line":433,"column":42},"end":{"line":493,"column":1}},"140":{"start":{"line":434,"column":4},"end":{"line":492,"column":5}},"141":{"start":{"line":435,"column":32},"end":{"line":435,"column":40}},"142":{"start":{"line":436,"column":8},"end":{"line":441,"column":9}},"143":{"start":{"line":437,"column":12},"end":{"line":440,"column":15}},"144":{"start":{"line":443,"column":8},"end":{"line":448,"column":9}},"145":{"start":{"line":444,"column":12},"end":{"line":447,"column":15}},"146":{"start":{"line":450,"column":8},"end":{"line":455,"column":9}},"147":{"start":{"line":451,"column":12},"end":{"line":454,"column":15}},"148":{"start":{"line":456,"column":20},"end":{"line":456,"column":21}},"149":{"start":{"line":457,"column":8},"end":{"line":459,"column":11}},"150":{"start":{"line":458,"column":12},"end":{"line":458,"column":29}},"151":{"start":{"line":460,"column":29},"end":{"line":484,"column":9}},"152":{"start":{"line":469,"column":16},"end":{"line":482,"column":17}},"153":{"start":{"line":470,"column":34},"end":{"line":474,"column":29}},"154":{"start":{"line":475,"column":20},"end":{"line":475,"column":55}},"155":{"start":{"line":477,"column":20},"end":{"line":481,"column":23}},"156":{"start":{"line":486,"column":8},"end":{"line":486,"column":27}},"157":{"start":{"line":487,"column":8},"end":{"line":491,"column":11}}},"fnMap":{"0":{"name":"(anonymous_0)","decl":{"start":{"line":20,"column":39},"end":{"line":20,"column":40}},"loc":{"start":{"line":20,"column":59},"end":{"line":71,"column":1}},"line":20},"1":{"name":"(anonymous_1)","decl":{"start":{"line":74,"column":36},"end":{"line":74,"column":37}},"loc":{"start":{"line":74,"column":57},"end":{"line":96,"column":1}},"line":74},"2":{"name":"(anonymous_2)","decl":{"start":{"line":98,"column":42},"end":{"line":98,"column":43}},"loc":{"start":{"line":98,"column":62},"end":{"line":125,"column":1}},"line":98},"3":{"name":"(anonymous_3)","decl":{"start":{"line":128,"column":38},"end":{"line":128,"column":39}},"loc":{"start":{"line":128,"column":58},"end":{"line":156,"column":1}},"line":128},"4":{"name":"(anonymous_4)","decl":{"start":{"line":159,"column":39},"end":{"line":159,"column":40}},"loc":{"start":{"line":159,"column":59},"end":{"line":204,"column":1}},"line":159},"5":{"name":"(anonymous_5)","decl":{"start":{"line":207,"column":39},"end":{"line":207,"column":40}},"loc":{"start":{"line":207,"column":59},"end":{"line":262,"column":1}},"line":207},"6":{"name":"(anonymous_6)","decl":{"start":{"line":265,"column":40},"end":{"line":265,"column":41}},"loc":{"start":{"line":265,"column":60},"end":{"line":285,"column":1}},"line":265},"7":{"name":"(anonymous_7)","decl":{"start":{"line":288,"column":38},"end":{"line":288,"column":39}},"loc":{"start":{"line":288,"column":58},"end":{"line":303,"column":1}},"line":288},"8":{"name":"(anonymous_8)","decl":{"start":{"line":306,"column":37},"end":{"line":306,"column":38}},"loc":{"start":{"line":306,"column":57},"end":{"line":328,"column":1}},"line":306},"9":{"name":"(anonymous_9)","decl":{"start":{"line":331,"column":39},"end":{"line":331,"column":40}},"loc":{"start":{"line":331,"column":59},"end":{"line":351,"column":1}},"line":331},"10":{"name":"(anonymous_10)","decl":{"start":{"line":354,"column":40},"end":{"line":354,"column":41}},"loc":{"start":{"line":354,"column":60},"end":{"line":377,"column":1}},"line":354},"11":{"name":"(anonymous_11)","decl":{"start":{"line":381,"column":41},"end":{"line":381,"column":42}},"loc":{"start":{"line":381,"column":61},"end":{"line":400,"column":1}},"line":381},"12":{"name":"(anonymous_12)","decl":{"start":{"line":406,"column":40},"end":{"line":406,"column":41}},"loc":{"start":{"line":406,"column":60},"end":{"line":430,"column":1}},"line":406},"13":{"name":"(anonymous_13)","decl":{"start":{"line":408,"column":41},"end":{"line":408,"column":42}},"loc":{"start":{"line":408,"column":68},"end":{"line":421,"column":9}},"line":408},"14":{"name":"(anonymous_14)","decl":{"start":{"line":433,"column":42},"end":{"line":433,"column":43}},"loc":{"start":{"line":433,"column":62},"end":{"line":493,"column":1}},"line":433},"15":{"name":"(anonymous_15)","decl":{"start":{"line":457,"column":17},"end":{"line":457,"column":18}},"loc":{"start":{"line":457,"column":24},"end":{"line":459,"column":9}},"line":457},"16":{"name":"(anonymous_16)","decl":{"start":{"line":468,"column":12},"end":{"line":468,"column":13}},"loc":{"start":{"line":468,"column":37},"end":{"line":483,"column":13}},"line":468}},"branchMap":{"0":{"loc":{"start":{"line":26,"column":8},"end":{"line":47,"column":9}},"type":"switch","locations":[{"start":{"line":27,"column":12},"end":{"line":28,"column":75}},{"start":{"line":29,"column":12},"end":{"line":32,"column":64}},{"start":{"line":33,"column":12},"end":{"line":34,"column":76}},{"start":{"line":35,"column":12},"end":{"line":36,"column":79}},{"start":{"line":37,"column":12},"end":{"line":38,"column":79}},{"start":{"line":39,"column":12},"end":{"line":42,"column":19}},{"start":{"line":43,"column":12},"end":{"line":46,"column":19}}],"line":26},"1":{"loc":{"start":{"line":105,"column":8},"end":{"line":111,"column":9}},"type":"if","locations":[{"start":{"line":105,"column":8},"end":{"line":111,"column":9}},{"start":{},"end":{}}],"line":105},"2":{"loc":{"start":{"line":134,"column":8},"end":{"line":139,"column":9}},"type":"if","locations":[{"start":{"line":134,"column":8},"end":{"line":139,"column":9}},{"start":{},"end":{}}],"line":134},"3":{"loc":{"start":{"line":140,"column":8},"end":{"line":148,"column":9}},"type":"if","locations":[{"start":{"line":140,"column":8},"end":{"line":148,"column":9}},{"start":{"line":143,"column":15},"end":{"line":148,"column":9}}],"line":140},"4":{"loc":{"start":{"line":163,"column":8},"end":{"line":169,"column":9}},"type":"if","locations":[{"start":{"line":163,"column":8},"end":{"line":169,"column":9}},{"start":{},"end":{}}],"line":163},"5":{"loc":{"start":{"line":173,"column":8},"end":{"line":179,"column":9}},"type":"if","locations":[{"start":{"line":173,"column":8},"end":{"line":179,"column":9}},{"start":{},"end":{}}],"line":173},"6":{"loc":{"start":{"line":189,"column":8},"end":{"line":196,"column":9}},"type":"if","locations":[{"start":{"line":189,"column":8},"end":{"line":196,"column":9}},{"start":{},"end":{}}],"line":189},"7":{"loc":{"start":{"line":214,"column":8},"end":{"line":237,"column":9}},"type":"switch","locations":[{"start":{"line":215,"column":12},"end":{"line":216,"column":74}},{"start":{"line":217,"column":12},"end":{"line":218,"column":75}},{"start":{"line":219,"column":12},"end":{"line":222,"column":64}},{"start":{"line":223,"column":12},"end":{"line":224,"column":76}},{"start":{"line":225,"column":12},"end":{"line":226,"column":79}},{"start":{"line":227,"column":12},"end":{"line":228,"column":79}},{"start":{"line":229,"column":12},"end":{"line":232,"column":19}},{"start":{"line":233,"column":12},"end":{"line":236,"column":19}}],"line":214},"8":{"loc":{"start":{"line":233,"column":17},"end":{"line":233,"column":46}},"type":"binary-expr","locations":[{"start":{"line":233,"column":17},"end":{"line":233,"column":22}},{"start":{"line":233,"column":26},"end":{"line":233,"column":46}}],"line":233},"9":{"loc":{"start":{"line":267,"column":16},"end":{"line":267,"column":28}},"type":"default-arg","locations":[{"start":{"line":267,"column":26},"end":{"line":267,"column":28}}],"line":267},"10":{"loc":{"start":{"line":267,"column":30},"end":{"line":267,"column":40}},"type":"default-arg","locations":[{"start":{"line":267,"column":38},"end":{"line":267,"column":40}}],"line":267},"11":{"loc":{"start":{"line":269,"column":8},"end":{"line":269,"column":56}},"type":"if","locations":[{"start":{"line":269,"column":8},"end":{"line":269,"column":56}},{"start":{},"end":{}}],"line":269},"12":{"loc":{"start":{"line":270,"column":8},"end":{"line":270,"column":74}},"type":"if","locations":[{"start":{"line":270,"column":8},"end":{"line":270,"column":74}},{"start":{},"end":{}}],"line":270},"13":{"loc":{"start":{"line":309,"column":21},"end":{"line":309,"column":58}},"type":"cond-expr","locations":[{"start":{"line":309,"column":39},"end":{"line":309,"column":54}},{"start":{"line":309,"column":57},"end":{"line":309,"column":58}}],"line":309},"14":{"loc":{"start":{"line":409,"column":12},"end":{"line":420,"column":13}},"type":"if","locations":[{"start":{"line":409,"column":12},"end":{"line":420,"column":13}},{"start":{"line":415,"column":19},"end":{"line":420,"column":13}}],"line":409},"15":{"loc":{"start":{"line":436,"column":8},"end":{"line":441,"column":9}},"type":"if","locations":[{"start":{"line":436,"column":8},"end":{"line":441,"column":9}},{"start":{},"end":{}}],"line":436},"16":{"loc":{"start":{"line":443,"column":8},"end":{"line":448,"column":9}},"type":"if","locations":[{"start":{"line":443,"column":8},"end":{"line":448,"column":9}},{"start":{},"end":{}}],"line":443},"17":{"loc":{"start":{"line":443,"column":12},"end":{"line":443,"column":38}},"type":"binary-expr","locations":[{"start":{"line":443,"column":12},"end":{"line":443,"column":21}},{"start":{"line":443,"column":25},"end":{"line":443,"column":38}}],"line":443},"18":{"loc":{"start":{"line":450,"column":8},"end":{"line":455,"column":9}},"type":"if","locations":[{"start":{"line":450,"column":8},"end":{"line":455,"column":9}},{"start":{},"end":{}}],"line":450},"19":{"loc":{"start":{"line":450,"column":12},"end":{"line":450,"column":37}},"type":"binary-expr","locations":[{"start":{"line":450,"column":12},"end":{"line":450,"column":17}},{"start":{"line":450,"column":21},"end":{"line":450,"column":37}}],"line":450},"20":{"loc":{"start":{"line":469,"column":16},"end":{"line":482,"column":17}},"type":"if","locations":[{"start":{"line":469,"column":16},"end":{"line":482,"column":17}},{"start":{"line":476,"column":23},"end":{"line":482,"column":17}}],"line":469}},"s":{"0":1,"1":1,"2":1,"3":0,"4":0,"5":0,"6":0,"7":0,"8":0,"9":0,"10":0,"11":0,"12":0,"13":0,"14":0,"15":0,"16":0,"17":0,"18":0,"19":0,"20":0,"21":1,"22":0,"23":0,"24":0,"25":0,"26":0,"27":1,"28":0,"29":0,"30":0,"31":0,"32":0,"33":0,"34":0,"35":0,"36":1,"37":0,"38":0,"39":0,"40":0,"41":0,"42":0,"43":0,"44":0,"45":0,"46":1,"47":0,"48":0,"49":0,"50":0,"51":0,"52":0,"53":0,"54":0,"55":0,"56":0,"57":0,"58":0,"59":0,"60":0,"61":0,"62":1,"63":0,"64":0,"65":0,"66":0,"67":0,"68":0,"69":0,"70":0,"71":0,"72":0,"73":0,"74":0,"75":0,"76":0,"77":0,"78":0,"79":0,"80":0,"81":0,"82":0,"83":1,"84":0,"85":0,"86":0,"87":0,"88":0,"89":0,"90":0,"91":0,"92":0,"93":0,"94":0,"95":0,"96":1,"97":0,"98":0,"99":0,"100":0,"101":0,"102":1,"103":0,"104":0,"105":0,"106":0,"107":0,"108":0,"109":0,"110":1,"111":0,"112":0,"113":0,"114":0,"115":0,"116":0,"117":1,"118":0,"119":0,"120":0,"121":0,"122":0,"123":0,"124":1,"125":0,"126":0,"127":0,"128":0,"129":0,"130":0,"131":1,"132":1,"133":1,"134":1,"135":0,"136":1,"137":0,"138":0,"139":1,"140":3,"141":3,"142":3,"143":1,"144":2,"145":0,"146":2,"147":1,"148":1,"149":1,"150":2,"151":1,"152":1,"153":1,"154":1,"155":0,"156":0,"157":0},"f":{"0":0,"1":0,"2":0,"3":0,"4":0,"5":0,"6":0,"7":0,"8":0,"9":0,"10":0,"11":0,"12":1,"13":1,"14":3,"15":2,"16":1},"b":{"0":[0,0,0,0,0,0,0],"1":[0,0],"2":[0,0],"3":[0,0],"4":[0,0],"5":[0,0],"6":[0,0],"7":[0,0,0,0,0,0,0,0],"8":[0,0],"9":[0],"10":[0],"11":[0,0],"12":[0,0],"13":[0,0],"14":[0,1],"15":[1,2],"16":[0,2],"17":[2,2],"18":[1,1],"19":[2,2],"20":[1,0]},"_coverageSchema":"1a1c01bbd47fc00a2c39e90264f33305004495a9","hash":"4418023028f545f426c3b21f6c7a8f5f098b0055"},"C:\\Users\\NiCheng\\OneDrive - National University of Singapore\\Desktop\\NUS Stuff\\Year 3\\Sem 2\\CS4218 - Software Testing\\Group Project\\cs4218-2520-ecom-project-c24218-2520-team01\\models\\userModel.js":{"path":"C:\\Users\\NiCheng\\OneDrive - National University of Singapore\\Desktop\\NUS Stuff\\Year 3\\Sem 2\\CS4218 - Software Testing\\Group Project\\cs4218-2520-ecom-project-c24218-2520-team01\\models\\userModel.js","statementMap":{"0":{"start":{"line":3,"column":19},"end":{"line":37,"column":1}}},"fnMap":{},"branchMap":{},"s":{"0":0},"f":{},"b":{}},"C:\\Users\\NiCheng\\OneDrive - National University of Singapore\\Desktop\\NUS Stuff\\Year 3\\Sem 2\\CS4218 - Software Testing\\Group Project\\cs4218-2520-ecom-project-c24218-2520-team01\\controllers\\categoryController.js":{"path":"C:\\Users\\NiCheng\\OneDrive - National University of Singapore\\Desktop\\NUS Stuff\\Year 3\\Sem 2\\CS4218 - Software Testing\\Group Project\\cs4218-2520-ecom-project-c24218-2520-team01\\controllers\\categoryController.js","statementMap":{"0":{"start":{"line":6,"column":40},"end":{"line":44,"column":1}},"1":{"start":{"line":7,"column":2},"end":{"line":43,"column":3}},"2":{"start":{"line":8,"column":21},"end":{"line":8,"column":29}},"3":{"start":{"line":10,"column":4},"end":{"line":15,"column":5}},"4":{"start":{"line":11,"column":6},"end":{"line":14,"column":9}},"5":{"start":{"line":17,"column":29},"end":{"line":17,"column":66}},"6":{"start":{"line":19,"column":4},"end":{"line":24,"column":5}},"7":{"start":{"line":20,"column":6},"end":{"line":23,"column":9}},"8":{"start":{"line":26,"column":21},"end":{"line":29,"column":13}},"9":{"start":{"line":31,"column":4},"end":{"line":35,"column":7}},"10":{"start":{"line":37,"column":4},"end":{"line":37,"column":23}},"11":{"start":{"line":38,"column":4},"end":{"line":42,"column":7}},"12":{"start":{"line":47,"column":40},"end":{"line":93,"column":1}},"13":{"start":{"line":48,"column":2},"end":{"line":92,"column":3}},"14":{"start":{"line":49,"column":21},"end":{"line":49,"column":29}},"15":{"start":{"line":51,"column":4},"end":{"line":56,"column":5}},"16":{"start":{"line":52,"column":6},"end":{"line":55,"column":9}},"17":{"start":{"line":58,"column":19},"end":{"line":58,"column":29}},"18":{"start":{"line":60,"column":4},"end":{"line":65,"column":5}},"19":{"start":{"line":61,"column":6},"end":{"line":64,"column":9}},"20":{"start":{"line":67,"column":21},"end":{"line":71,"column":5}},"21":{"start":{"line":73,"column":4},"end":{"line":78,"column":5}},"22":{"start":{"line":74,"column":6},"end":{"line":77,"column":9}},"23":{"start":{"line":80,"column":4},"end":{"line":84,"column":7}},"24":{"start":{"line":86,"column":4},"end":{"line":86,"column":23}},"25":{"start":{"line":87,"column":4},"end":{"line":91,"column":7}},"26":{"start":{"line":96,"column":34},"end":{"line":112,"column":1}},"27":{"start":{"line":97,"column":2},"end":{"line":111,"column":3}},"28":{"start":{"line":98,"column":21},"end":{"line":98,"column":49}},"29":{"start":{"line":99,"column":4},"end":{"line":103,"column":7}},"30":{"start":{"line":105,"column":4},"end":{"line":105,"column":23}},"31":{"start":{"line":106,"column":4},"end":{"line":110,"column":7}},"32":{"start":{"line":115,"column":40},"end":{"line":148,"column":1}},"33":{"start":{"line":116,"column":2},"end":{"line":147,"column":3}},"34":{"start":{"line":117,"column":21},"end":{"line":117,"column":31}},"35":{"start":{"line":119,"column":4},"end":{"line":124,"column":5}},"36":{"start":{"line":120,"column":6},"end":{"line":123,"column":9}},"37":{"start":{"line":126,"column":21},"end":{"line":126,"column":58}},"38":{"start":{"line":128,"column":4},"end":{"line":133,"column":5}},"39":{"start":{"line":129,"column":6},"end":{"line":132,"column":9}},"40":{"start":{"line":135,"column":4},"end":{"line":139,"column":7}},"41":{"start":{"line":141,"column":4},"end":{"line":141,"column":23}},"42":{"start":{"line":142,"column":4},"end":{"line":146,"column":7}},"43":{"start":{"line":151,"column":40},"end":{"line":183,"column":1}},"44":{"start":{"line":152,"column":2},"end":{"line":182,"column":3}},"45":{"start":{"line":153,"column":19},"end":{"line":153,"column":29}},"46":{"start":{"line":155,"column":4},"end":{"line":160,"column":5}},"47":{"start":{"line":156,"column":6},"end":{"line":159,"column":9}},"48":{"start":{"line":162,"column":28},"end":{"line":162,"column":69}},"49":{"start":{"line":164,"column":4},"end":{"line":169,"column":5}},"50":{"start":{"line":165,"column":6},"end":{"line":168,"column":9}},"51":{"start":{"line":171,"column":4},"end":{"line":174,"column":7}},"52":{"start":{"line":176,"column":4},"end":{"line":176,"column":23}},"53":{"start":{"line":177,"column":4},"end":{"line":181,"column":7}}},"fnMap":{"0":{"name":"(anonymous_0)","decl":{"start":{"line":6,"column":40},"end":{"line":6,"column":41}},"loc":{"start":{"line":6,"column":60},"end":{"line":44,"column":1}},"line":6},"1":{"name":"(anonymous_1)","decl":{"start":{"line":47,"column":40},"end":{"line":47,"column":41}},"loc":{"start":{"line":47,"column":60},"end":{"line":93,"column":1}},"line":47},"2":{"name":"(anonymous_2)","decl":{"start":{"line":96,"column":34},"end":{"line":96,"column":35}},"loc":{"start":{"line":96,"column":54},"end":{"line":112,"column":1}},"line":96},"3":{"name":"(anonymous_3)","decl":{"start":{"line":115,"column":40},"end":{"line":115,"column":41}},"loc":{"start":{"line":115,"column":60},"end":{"line":148,"column":1}},"line":115},"4":{"name":"(anonymous_4)","decl":{"start":{"line":151,"column":40},"end":{"line":151,"column":41}},"loc":{"start":{"line":151,"column":60},"end":{"line":183,"column":1}},"line":151}},"branchMap":{"0":{"loc":{"start":{"line":10,"column":4},"end":{"line":15,"column":5}},"type":"if","locations":[{"start":{"line":10,"column":4},"end":{"line":15,"column":5}},{"start":{},"end":{}}],"line":10},"1":{"loc":{"start":{"line":10,"column":8},"end":{"line":10,"column":30}},"type":"binary-expr","locations":[{"start":{"line":10,"column":8},"end":{"line":10,"column":13}},{"start":{"line":10,"column":17},"end":{"line":10,"column":30}}],"line":10},"2":{"loc":{"start":{"line":19,"column":4},"end":{"line":24,"column":5}},"type":"if","locations":[{"start":{"line":19,"column":4},"end":{"line":24,"column":5}},{"start":{},"end":{}}],"line":19},"3":{"loc":{"start":{"line":51,"column":4},"end":{"line":56,"column":5}},"type":"if","locations":[{"start":{"line":51,"column":4},"end":{"line":56,"column":5}},{"start":{},"end":{}}],"line":51},"4":{"loc":{"start":{"line":51,"column":8},"end":{"line":51,"column":30}},"type":"binary-expr","locations":[{"start":{"line":51,"column":8},"end":{"line":51,"column":13}},{"start":{"line":51,"column":17},"end":{"line":51,"column":30}}],"line":51},"5":{"loc":{"start":{"line":60,"column":4},"end":{"line":65,"column":5}},"type":"if","locations":[{"start":{"line":60,"column":4},"end":{"line":65,"column":5}},{"start":{},"end":{}}],"line":60},"6":{"loc":{"start":{"line":73,"column":4},"end":{"line":78,"column":5}},"type":"if","locations":[{"start":{"line":73,"column":4},"end":{"line":78,"column":5}},{"start":{},"end":{}}],"line":73},"7":{"loc":{"start":{"line":119,"column":4},"end":{"line":124,"column":5}},"type":"if","locations":[{"start":{"line":119,"column":4},"end":{"line":124,"column":5}},{"start":{},"end":{}}],"line":119},"8":{"loc":{"start":{"line":128,"column":4},"end":{"line":133,"column":5}},"type":"if","locations":[{"start":{"line":128,"column":4},"end":{"line":133,"column":5}},{"start":{},"end":{}}],"line":128},"9":{"loc":{"start":{"line":155,"column":4},"end":{"line":160,"column":5}},"type":"if","locations":[{"start":{"line":155,"column":4},"end":{"line":160,"column":5}},{"start":{},"end":{}}],"line":155},"10":{"loc":{"start":{"line":164,"column":4},"end":{"line":169,"column":5}},"type":"if","locations":[{"start":{"line":164,"column":4},"end":{"line":169,"column":5}},{"start":{},"end":{}}],"line":164}},"s":{"0":0,"1":0,"2":0,"3":0,"4":0,"5":0,"6":0,"7":0,"8":0,"9":0,"10":0,"11":0,"12":0,"13":0,"14":0,"15":0,"16":0,"17":0,"18":0,"19":0,"20":0,"21":0,"22":0,"23":0,"24":0,"25":0,"26":0,"27":0,"28":0,"29":0,"30":0,"31":0,"32":0,"33":0,"34":0,"35":0,"36":0,"37":0,"38":0,"39":0,"40":0,"41":0,"42":0,"43":0,"44":0,"45":0,"46":0,"47":0,"48":0,"49":0,"50":0,"51":0,"52":0,"53":0},"f":{"0":0,"1":0,"2":0,"3":0,"4":0},"b":{"0":[0,0],"1":[0,0],"2":[0,0],"3":[0,0],"4":[0,0],"5":[0,0],"6":[0,0],"7":[0,0],"8":[0,0],"9":[0,0],"10":[0,0]}},"C:\\Users\\NiCheng\\OneDrive - National University of Singapore\\Desktop\\NUS Stuff\\Year 3\\Sem 2\\CS4218 - Software Testing\\Group Project\\cs4218-2520-ecom-project-c24218-2520-team01\\controllers\\authController.js":{"path":"C:\\Users\\NiCheng\\OneDrive - National University of Singapore\\Desktop\\NUS Stuff\\Year 3\\Sem 2\\CS4218 - Software Testing\\Group Project\\cs4218-2520-ecom-project-c24218-2520-team01\\controllers\\authController.js","statementMap":{"0":{"start":{"line":7,"column":34},"end":{"line":64,"column":1}},"1":{"start":{"line":8,"column":1},"end":{"line":63,"column":2}},"2":{"start":{"line":9,"column":60},"end":{"line":9,"column":68}},"3":{"start":{"line":12,"column":2},"end":{"line":14,"column":3}},"4":{"start":{"line":13,"column":3},"end":{"line":13,"column":68}},"5":{"start":{"line":15,"column":2},"end":{"line":17,"column":3}},"6":{"start":{"line":16,"column":3},"end":{"line":16,"column":69}},"7":{"start":{"line":18,"column":2},"end":{"line":20,"column":3}},"8":{"start":{"line":19,"column":3},"end":{"line":19,"column":72}},"9":{"start":{"line":21,"column":2},"end":{"line":23,"column":3}},"10":{"start":{"line":22,"column":3},"end":{"line":22,"column":76}},"11":{"start":{"line":24,"column":2},"end":{"line":26,"column":3}},"12":{"start":{"line":25,"column":3},"end":{"line":25,"column":71}},"13":{"start":{"line":27,"column":2},"end":{"line":29,"column":3}},"14":{"start":{"line":28,"column":3},"end":{"line":28,"column":70}},"15":{"start":{"line":31,"column":23},"end":{"line":31,"column":57}},"16":{"start":{"line":33,"column":2},"end":{"line":38,"column":3}},"17":{"start":{"line":34,"column":3},"end":{"line":37,"column":6}},"18":{"start":{"line":40,"column":25},"end":{"line":40,"column":53}},"19":{"start":{"line":42,"column":15},"end":{"line":49,"column":11}},"20":{"start":{"line":51,"column":2},"end":{"line":55,"column":5}},"21":{"start":{"line":57,"column":2},"end":{"line":57,"column":21}},"22":{"start":{"line":58,"column":2},"end":{"line":62,"column":5}},"23":{"start":{"line":67,"column":31},"end":{"line":118,"column":1}},"24":{"start":{"line":68,"column":1},"end":{"line":117,"column":2}},"25":{"start":{"line":69,"column":30},"end":{"line":69,"column":38}},"26":{"start":{"line":71,"column":2},"end":{"line":76,"column":3}},"27":{"start":{"line":72,"column":3},"end":{"line":75,"column":6}},"28":{"start":{"line":78,"column":15},"end":{"line":78,"column":49}},"29":{"start":{"line":79,"column":2},"end":{"line":84,"column":3}},"30":{"start":{"line":80,"column":3},"end":{"line":83,"column":6}},"31":{"start":{"line":85,"column":16},"end":{"line":85,"column":62}},"32":{"start":{"line":86,"column":2},"end":{"line":92,"column":3}},"33":{"start":{"line":88,"column":3},"end":{"line":91,"column":6}},"34":{"start":{"line":94,"column":16},"end":{"line":96,"column":4}},"35":{"start":{"line":97,"column":2},"end":{"line":109,"column":5}},"36":{"start":{"line":111,"column":2},"end":{"line":111,"column":21}},"37":{"start":{"line":112,"column":2},"end":{"line":116,"column":5}},"38":{"start":{"line":122,"column":40},"end":{"line":164,"column":1}},"39":{"start":{"line":123,"column":1},"end":{"line":163,"column":2}},"40":{"start":{"line":124,"column":41},"end":{"line":124,"column":49}},"41":{"start":{"line":126,"column":2},"end":{"line":130,"column":3}},"42":{"start":{"line":127,"column":3},"end":{"line":129,"column":60}},"43":{"start":{"line":131,"column":2},"end":{"line":135,"column":3}},"44":{"start":{"line":132,"column":3},"end":{"line":134,"column":61}},"45":{"start":{"line":136,"column":2},"end":{"line":140,"column":3}},"46":{"start":{"line":137,"column":3},"end":{"line":139,"column":67}},"47":{"start":{"line":142,"column":15},"end":{"line":142,"column":57}},"48":{"start":{"line":144,"column":2},"end":{"line":149,"column":3}},"49":{"start":{"line":145,"column":3},"end":{"line":148,"column":6}},"50":{"start":{"line":150,"column":17},"end":{"line":150,"column":48}},"51":{"start":{"line":151,"column":2},"end":{"line":151,"column":68}},"52":{"start":{"line":152,"column":2},"end":{"line":155,"column":5}},"53":{"start":{"line":157,"column":2},"end":{"line":157,"column":21}},"54":{"start":{"line":158,"column":2},"end":{"line":162,"column":5}},"55":{"start":{"line":170,"column":30},"end":{"line":177,"column":1}},"56":{"start":{"line":171,"column":1},"end":{"line":176,"column":2}},"57":{"start":{"line":172,"column":2},"end":{"line":172,"column":31}},"58":{"start":{"line":174,"column":2},"end":{"line":174,"column":21}},"59":{"start":{"line":175,"column":2},"end":{"line":175,"column":22}},"60":{"start":{"line":180,"column":39},"end":{"line":212,"column":1}},"61":{"start":{"line":181,"column":1},"end":{"line":211,"column":2}},"62":{"start":{"line":182,"column":45},"end":{"line":182,"column":53}},"63":{"start":{"line":183,"column":15},"end":{"line":183,"column":53}},"64":{"start":{"line":185,"column":2},"end":{"line":187,"column":3}},"65":{"start":{"line":186,"column":3},"end":{"line":186,"column":80}},"66":{"start":{"line":188,"column":25},"end":{"line":188,"column":76}},"67":{"start":{"line":189,"column":22},"end":{"line":198,"column":3}},"68":{"start":{"line":199,"column":2},"end":{"line":203,"column":5}},"69":{"start":{"line":205,"column":2},"end":{"line":205,"column":21}},"70":{"start":{"line":206,"column":2},"end":{"line":210,"column":5}},"71":{"start":{"line":217,"column":35},"end":{"line":241,"column":1}},"72":{"start":{"line":218,"column":1},"end":{"line":240,"column":2}},"73":{"start":{"line":219,"column":13},"end":{"line":219,"column":25}},"74":{"start":{"line":221,"column":2},"end":{"line":226,"column":3}},"75":{"start":{"line":222,"column":3},"end":{"line":225,"column":6}},"76":{"start":{"line":227,"column":17},"end":{"line":230,"column":29}},"77":{"start":{"line":232,"column":2},"end":{"line":232,"column":31}},"78":{"start":{"line":234,"column":2},"end":{"line":234,"column":21}},"79":{"start":{"line":235,"column":2},"end":{"line":239,"column":5}},"80":{"start":{"line":244,"column":38},"end":{"line":261,"column":1}},"81":{"start":{"line":245,"column":1},"end":{"line":260,"column":2}},"82":{"start":{"line":246,"column":17},"end":{"line":250,"column":27}},"83":{"start":{"line":252,"column":2},"end":{"line":252,"column":31}},"84":{"start":{"line":254,"column":2},"end":{"line":254,"column":21}},"85":{"start":{"line":255,"column":2},"end":{"line":259,"column":5}},"86":{"start":{"line":264,"column":37},"end":{"line":307,"column":1}},"87":{"start":{"line":265,"column":1},"end":{"line":306,"column":2}},"88":{"start":{"line":266,"column":22},"end":{"line":266,"column":32}},"89":{"start":{"line":267,"column":21},"end":{"line":267,"column":29}},"90":{"start":{"line":268,"column":2},"end":{"line":273,"column":3}},"91":{"start":{"line":269,"column":3},"end":{"line":272,"column":6}},"92":{"start":{"line":274,"column":2},"end":{"line":279,"column":3}},"93":{"start":{"line":275,"column":3},"end":{"line":278,"column":6}},"94":{"start":{"line":280,"column":17},"end":{"line":284,"column":3}},"95":{"start":{"line":285,"column":2},"end":{"line":290,"column":3}},"96":{"start":{"line":286,"column":3},"end":{"line":289,"column":6}},"97":{"start":{"line":291,"column":2},"end":{"line":291,"column":31}},"98":{"start":{"line":293,"column":2},"end":{"line":293,"column":21}},"99":{"start":{"line":294,"column":2},"end":{"line":300,"column":3}},"100":{"start":{"line":295,"column":3},"end":{"line":299,"column":6}},"101":{"start":{"line":301,"column":2},"end":{"line":305,"column":5}},"102":{"start":{"line":311,"column":34},"end":{"line":330,"column":1}},"103":{"start":{"line":313,"column":1},"end":{"line":329,"column":2}},"104":{"start":{"line":314,"column":16},"end":{"line":315,"column":12}},"105":{"start":{"line":316,"column":2},"end":{"line":320,"column":5}},"106":{"start":{"line":323,"column":2},"end":{"line":323,"column":21}},"107":{"start":{"line":324,"column":2},"end":{"line":328,"column":5}}},"fnMap":{"0":{"name":"(anonymous_0)","decl":{"start":{"line":7,"column":34},"end":{"line":7,"column":35}},"loc":{"start":{"line":7,"column":54},"end":{"line":64,"column":1}},"line":7},"1":{"name":"(anonymous_1)","decl":{"start":{"line":67,"column":31},"end":{"line":67,"column":32}},"loc":{"start":{"line":67,"column":51},"end":{"line":118,"column":1}},"line":67},"2":{"name":"(anonymous_2)","decl":{"start":{"line":122,"column":40},"end":{"line":122,"column":41}},"loc":{"start":{"line":122,"column":60},"end":{"line":164,"column":1}},"line":122},"3":{"name":"(anonymous_3)","decl":{"start":{"line":170,"column":30},"end":{"line":170,"column":31}},"loc":{"start":{"line":170,"column":44},"end":{"line":177,"column":1}},"line":170},"4":{"name":"(anonymous_4)","decl":{"start":{"line":180,"column":39},"end":{"line":180,"column":40}},"loc":{"start":{"line":180,"column":59},"end":{"line":212,"column":1}},"line":180},"5":{"name":"(anonymous_5)","decl":{"start":{"line":217,"column":35},"end":{"line":217,"column":36}},"loc":{"start":{"line":217,"column":55},"end":{"line":241,"column":1}},"line":217},"6":{"name":"(anonymous_6)","decl":{"start":{"line":244,"column":38},"end":{"line":244,"column":39}},"loc":{"start":{"line":244,"column":58},"end":{"line":261,"column":1}},"line":244},"7":{"name":"(anonymous_7)","decl":{"start":{"line":264,"column":37},"end":{"line":264,"column":38}},"loc":{"start":{"line":264,"column":57},"end":{"line":307,"column":1}},"line":264},"8":{"name":"(anonymous_8)","decl":{"start":{"line":311,"column":34},"end":{"line":311,"column":35}},"loc":{"start":{"line":311,"column":54},"end":{"line":330,"column":1}},"line":311}},"branchMap":{"0":{"loc":{"start":{"line":12,"column":2},"end":{"line":14,"column":3}},"type":"if","locations":[{"start":{"line":12,"column":2},"end":{"line":14,"column":3}},{"start":{},"end":{}}],"line":12},"1":{"loc":{"start":{"line":15,"column":2},"end":{"line":17,"column":3}},"type":"if","locations":[{"start":{"line":15,"column":2},"end":{"line":17,"column":3}},{"start":{},"end":{}}],"line":15},"2":{"loc":{"start":{"line":18,"column":2},"end":{"line":20,"column":3}},"type":"if","locations":[{"start":{"line":18,"column":2},"end":{"line":20,"column":3}},{"start":{},"end":{}}],"line":18},"3":{"loc":{"start":{"line":21,"column":2},"end":{"line":23,"column":3}},"type":"if","locations":[{"start":{"line":21,"column":2},"end":{"line":23,"column":3}},{"start":{},"end":{}}],"line":21},"4":{"loc":{"start":{"line":24,"column":2},"end":{"line":26,"column":3}},"type":"if","locations":[{"start":{"line":24,"column":2},"end":{"line":26,"column":3}},{"start":{},"end":{}}],"line":24},"5":{"loc":{"start":{"line":27,"column":2},"end":{"line":29,"column":3}},"type":"if","locations":[{"start":{"line":27,"column":2},"end":{"line":29,"column":3}},{"start":{},"end":{}}],"line":27},"6":{"loc":{"start":{"line":33,"column":2},"end":{"line":38,"column":3}},"type":"if","locations":[{"start":{"line":33,"column":2},"end":{"line":38,"column":3}},{"start":{},"end":{}}],"line":33},"7":{"loc":{"start":{"line":71,"column":2},"end":{"line":76,"column":3}},"type":"if","locations":[{"start":{"line":71,"column":2},"end":{"line":76,"column":3}},{"start":{},"end":{}}],"line":71},"8":{"loc":{"start":{"line":71,"column":6},"end":{"line":71,"column":25}},"type":"binary-expr","locations":[{"start":{"line":71,"column":6},"end":{"line":71,"column":12}},{"start":{"line":71,"column":16},"end":{"line":71,"column":25}}],"line":71},"9":{"loc":{"start":{"line":79,"column":2},"end":{"line":84,"column":3}},"type":"if","locations":[{"start":{"line":79,"column":2},"end":{"line":84,"column":3}},{"start":{},"end":{}}],"line":79},"10":{"loc":{"start":{"line":86,"column":2},"end":{"line":92,"column":3}},"type":"if","locations":[{"start":{"line":86,"column":2},"end":{"line":92,"column":3}},{"start":{},"end":{}}],"line":86},"11":{"loc":{"start":{"line":126,"column":2},"end":{"line":130,"column":3}},"type":"if","locations":[{"start":{"line":126,"column":2},"end":{"line":130,"column":3}},{"start":{},"end":{}}],"line":126},"12":{"loc":{"start":{"line":131,"column":2},"end":{"line":135,"column":3}},"type":"if","locations":[{"start":{"line":131,"column":2},"end":{"line":135,"column":3}},{"start":{},"end":{}}],"line":131},"13":{"loc":{"start":{"line":136,"column":2},"end":{"line":140,"column":3}},"type":"if","locations":[{"start":{"line":136,"column":2},"end":{"line":140,"column":3}},{"start":{},"end":{}}],"line":136},"14":{"loc":{"start":{"line":144,"column":2},"end":{"line":149,"column":3}},"type":"if","locations":[{"start":{"line":144,"column":2},"end":{"line":149,"column":3}},{"start":{},"end":{}}],"line":144},"15":{"loc":{"start":{"line":185,"column":2},"end":{"line":187,"column":3}},"type":"if","locations":[{"start":{"line":185,"column":2},"end":{"line":187,"column":3}},{"start":{},"end":{}}],"line":185},"16":{"loc":{"start":{"line":185,"column":6},"end":{"line":185,"column":37}},"type":"binary-expr","locations":[{"start":{"line":185,"column":6},"end":{"line":185,"column":14}},{"start":{"line":185,"column":18},"end":{"line":185,"column":37}}],"line":185},"17":{"loc":{"start":{"line":188,"column":25},"end":{"line":188,"column":76}},"type":"cond-expr","locations":[{"start":{"line":188,"column":36},"end":{"line":188,"column":64}},{"start":{"line":188,"column":67},"end":{"line":188,"column":76}}],"line":188},"18":{"loc":{"start":{"line":192,"column":10},"end":{"line":192,"column":27}},"type":"binary-expr","locations":[{"start":{"line":192,"column":10},"end":{"line":192,"column":14}},{"start":{"line":192,"column":18},"end":{"line":192,"column":27}}],"line":192},"19":{"loc":{"start":{"line":193,"column":14},"end":{"line":193,"column":45}},"type":"binary-expr","locations":[{"start":{"line":193,"column":14},"end":{"line":193,"column":28}},{"start":{"line":193,"column":32},"end":{"line":193,"column":45}}],"line":193},"20":{"loc":{"start":{"line":194,"column":11},"end":{"line":194,"column":30}},"type":"binary-expr","locations":[{"start":{"line":194,"column":11},"end":{"line":194,"column":16}},{"start":{"line":194,"column":20},"end":{"line":194,"column":30}}],"line":194},"21":{"loc":{"start":{"line":195,"column":13},"end":{"line":195,"column":36}},"type":"binary-expr","locations":[{"start":{"line":195,"column":13},"end":{"line":195,"column":20}},{"start":{"line":195,"column":24},"end":{"line":195,"column":36}}],"line":195},"22":{"loc":{"start":{"line":221,"column":2},"end":{"line":226,"column":3}},"type":"if","locations":[{"start":{"line":221,"column":2},"end":{"line":226,"column":3}},{"start":{},"end":{}}],"line":221},"23":{"loc":{"start":{"line":268,"column":2},"end":{"line":273,"column":3}},"type":"if","locations":[{"start":{"line":268,"column":2},"end":{"line":273,"column":3}},{"start":{},"end":{}}],"line":268},"24":{"loc":{"start":{"line":274,"column":2},"end":{"line":279,"column":3}},"type":"if","locations":[{"start":{"line":274,"column":2},"end":{"line":279,"column":3}},{"start":{},"end":{}}],"line":274},"25":{"loc":{"start":{"line":285,"column":2},"end":{"line":290,"column":3}},"type":"if","locations":[{"start":{"line":285,"column":2},"end":{"line":290,"column":3}},{"start":{},"end":{}}],"line":285},"26":{"loc":{"start":{"line":294,"column":2},"end":{"line":300,"column":3}},"type":"if","locations":[{"start":{"line":294,"column":2},"end":{"line":300,"column":3}},{"start":{},"end":{}}],"line":294}},"s":{"0":0,"1":0,"2":0,"3":0,"4":0,"5":0,"6":0,"7":0,"8":0,"9":0,"10":0,"11":0,"12":0,"13":0,"14":0,"15":0,"16":0,"17":0,"18":0,"19":0,"20":0,"21":0,"22":0,"23":0,"24":0,"25":0,"26":0,"27":0,"28":0,"29":0,"30":0,"31":0,"32":0,"33":0,"34":0,"35":0,"36":0,"37":0,"38":0,"39":0,"40":0,"41":0,"42":0,"43":0,"44":0,"45":0,"46":0,"47":0,"48":0,"49":0,"50":0,"51":0,"52":0,"53":0,"54":0,"55":0,"56":0,"57":0,"58":0,"59":0,"60":0,"61":0,"62":0,"63":0,"64":0,"65":0,"66":0,"67":0,"68":0,"69":0,"70":0,"71":0,"72":0,"73":0,"74":0,"75":0,"76":0,"77":0,"78":0,"79":0,"80":0,"81":0,"82":0,"83":0,"84":0,"85":0,"86":0,"87":0,"88":0,"89":0,"90":0,"91":0,"92":0,"93":0,"94":0,"95":0,"96":0,"97":0,"98":0,"99":0,"100":0,"101":0,"102":0,"103":0,"104":0,"105":0,"106":0,"107":0},"f":{"0":0,"1":0,"2":0,"3":0,"4":0,"5":0,"6":0,"7":0,"8":0},"b":{"0":[0,0],"1":[0,0],"2":[0,0],"3":[0,0],"4":[0,0],"5":[0,0],"6":[0,0],"7":[0,0],"8":[0,0],"9":[0,0],"10":[0,0],"11":[0,0],"12":[0,0],"13":[0,0],"14":[0,0],"15":[0,0],"16":[0,0],"17":[0,0],"18":[0,0],"19":[0,0],"20":[0,0],"21":[0,0],"22":[0,0],"23":[0,0],"24":[0,0],"25":[0,0],"26":[0,0]}},"C:\\Users\\NiCheng\\OneDrive - National University of Singapore\\Desktop\\NUS Stuff\\Year 3\\Sem 2\\CS4218 - Software Testing\\Group Project\\cs4218-2520-ecom-project-c24218-2520-team01\\controllers\\categoryController.test.js":{"path":"C:\\Users\\NiCheng\\OneDrive - National University of Singapore\\Desktop\\NUS Stuff\\Year 3\\Sem 2\\CS4218 - Software Testing\\Group Project\\cs4218-2520-ecom-project-c24218-2520-team01\\controllers\\categoryController.test.js","statementMap":{"0":{"start":{"line":15,"column":0},"end":{"line":15,"column":40}},"1":{"start":{"line":18,"column":0},"end":{"line":18,"column":21}},"2":{"start":{"line":21,"column":0},"end":{"line":21,"column":57}},"3":{"start":{"line":23,"column":0},"end":{"line":715,"column":3}},"4":{"start":{"line":24,"column":4},"end":{"line":196,"column":6}},"5":{"start":{"line":29,"column":8},"end":{"line":38,"column":11}},"6":{"start":{"line":30,"column":12},"end":{"line":32,"column":14}},"7":{"start":{"line":33,"column":12},"end":{"line":36,"column":14}},"8":{"start":{"line":37,"column":12},"end":{"line":37,"column":33}},"9":{"start":{"line":40,"column":8},"end":{"line":76,"column":10}},"10":{"start":{"line":41,"column":12},"end":{"line":75,"column":15}},"11":{"start":{"line":43,"column":16},"end":{"line":43,"column":45}},"12":{"start":{"line":45,"column":43},"end":{"line":49,"column":17}},"13":{"start":{"line":52,"column":16},"end":{"line":52,"column":62}},"14":{"start":{"line":53,"column":16},"end":{"line":53,"column":54}},"15":{"start":{"line":55,"column":16},"end":{"line":57,"column":20}},"16":{"start":{"line":55,"column":56},"end":{"line":57,"column":17}},"17":{"start":{"line":60,"column":16},"end":{"line":60,"column":57}},"18":{"start":{"line":63,"column":16},"end":{"line":63,"column":91}},"19":{"start":{"line":64,"column":16},"end":{"line":64,"column":67}},"20":{"start":{"line":65,"column":16},"end":{"line":68,"column":19}},"21":{"start":{"line":69,"column":16},"end":{"line":69,"column":61}},"22":{"start":{"line":70,"column":16},"end":{"line":74,"column":19}},"23":{"start":{"line":78,"column":8},"end":{"line":171,"column":10}},"24":{"start":{"line":79,"column":12},"end":{"line":100,"column":15}},"25":{"start":{"line":87,"column":16},"end":{"line":87,"column":35}},"26":{"start":{"line":90,"column":16},"end":{"line":90,"column":57}},"27":{"start":{"line":94,"column":16},"end":{"line":94,"column":71}},"28":{"start":{"line":95,"column":16},"end":{"line":95,"column":61}},"29":{"start":{"line":96,"column":16},"end":{"line":99,"column":19}},"30":{"start":{"line":102,"column":12},"end":{"line":120,"column":15}},"31":{"start":{"line":108,"column":16},"end":{"line":108,"column":39}},"32":{"start":{"line":111,"column":16},"end":{"line":111,"column":57}},"33":{"start":{"line":114,"column":16},"end":{"line":114,"column":71}},"34":{"start":{"line":115,"column":16},"end":{"line":115,"column":61}},"35":{"start":{"line":116,"column":16},"end":{"line":119,"column":19}},"36":{"start":{"line":122,"column":12},"end":{"line":136,"column":15}},"37":{"start":{"line":124,"column":16},"end":{"line":124,"column":37}},"38":{"start":{"line":127,"column":16},"end":{"line":127,"column":57}},"39":{"start":{"line":130,"column":16},"end":{"line":130,"column":71}},"40":{"start":{"line":131,"column":16},"end":{"line":131,"column":61}},"41":{"start":{"line":132,"column":16},"end":{"line":135,"column":19}},"42":{"start":{"line":138,"column":12},"end":{"line":170,"column":15}},"43":{"start":{"line":150,"column":16},"end":{"line":150,"column":45}},"44":{"start":{"line":152,"column":43},"end":{"line":156,"column":17}},"45":{"start":{"line":158,"column":16},"end":{"line":158,"column":76}},"46":{"start":{"line":161,"column":16},"end":{"line":161,"column":57}},"47":{"start":{"line":164,"column":16},"end":{"line":164,"column":91}},"48":{"start":{"line":165,"column":16},"end":{"line":165,"column":61}},"49":{"start":{"line":166,"column":16},"end":{"line":169,"column":19}},"50":{"start":{"line":173,"column":8},"end":{"line":195,"column":10}},"51":{"start":{"line":174,"column":12},"end":{"line":194,"column":15}},"52":{"start":{"line":176,"column":16},"end":{"line":176,"column":45}},"53":{"start":{"line":177,"column":34},"end":{"line":177,"column":61}},"54":{"start":{"line":179,"column":16},"end":{"line":181,"column":19}},"55":{"start":{"line":180,"column":20},"end":{"line":180,"column":36}},"56":{"start":{"line":184,"column":16},"end":{"line":184,"column":57}},"57":{"start":{"line":187,"column":16},"end":{"line":187,"column":91}},"58":{"start":{"line":188,"column":16},"end":{"line":188,"column":61}},"59":{"start":{"line":189,"column":16},"end":{"line":193,"column":19}},"60":{"start":{"line":198,"column":4},"end":{"line":400,"column":7}},"61":{"start":{"line":203,"column":8},"end":{"line":213,"column":11}},"62":{"start":{"line":204,"column":12},"end":{"line":207,"column":14}},"63":{"start":{"line":208,"column":12},"end":{"line":211,"column":14}},"64":{"start":{"line":212,"column":12},"end":{"line":212,"column":33}},"65":{"start":{"line":215,"column":8},"end":{"line":250,"column":10}},"66":{"start":{"line":216,"column":12},"end":{"line":249,"column":15}},"67":{"start":{"line":218,"column":16},"end":{"line":218,"column":45}},"68":{"start":{"line":219,"column":16},"end":{"line":219,"column":36}},"69":{"start":{"line":221,"column":50},"end":{"line":225,"column":17}},"70":{"start":{"line":228,"column":16},"end":{"line":228,"column":93}},"71":{"start":{"line":229,"column":16},"end":{"line":229,"column":54}},"72":{"start":{"line":232,"column":16},"end":{"line":232,"column":57}},"73":{"start":{"line":235,"column":16},"end":{"line":242,"column":18}},"74":{"start":{"line":243,"column":16},"end":{"line":243,"column":61}},"75":{"start":{"line":244,"column":16},"end":{"line":248,"column":19}},"76":{"start":{"line":252,"column":8},"end":{"line":365,"column":10}},"77":{"start":{"line":253,"column":12},"end":{"line":273,"column":15}},"78":{"start":{"line":260,"column":16},"end":{"line":260,"column":35}},"79":{"start":{"line":261,"column":16},"end":{"line":261,"column":36}},"80":{"start":{"line":264,"column":16},"end":{"line":264,"column":57}},"81":{"start":{"line":267,"column":16},"end":{"line":267,"column":81}},"82":{"start":{"line":268,"column":16},"end":{"line":268,"column":61}},"83":{"start":{"line":269,"column":16},"end":{"line":272,"column":19}},"84":{"start":{"line":275,"column":12},"end":{"line":294,"column":15}},"85":{"start":{"line":282,"column":16},"end":{"line":282,"column":39}},"86":{"start":{"line":283,"column":16},"end":{"line":283,"column":36}},"87":{"start":{"line":286,"column":16},"end":{"line":286,"column":57}},"88":{"start":{"line":289,"column":16},"end":{"line":289,"column":61}},"89":{"start":{"line":290,"column":16},"end":{"line":293,"column":19}},"90":{"start":{"line":296,"column":12},"end":{"line":311,"column":15}},"91":{"start":{"line":298,"column":16},"end":{"line":298,"column":37}},"92":{"start":{"line":299,"column":16},"end":{"line":299,"column":36}},"93":{"start":{"line":302,"column":16},"end":{"line":302,"column":57}},"94":{"start":{"line":305,"column":16},"end":{"line":305,"column":81}},"95":{"start":{"line":306,"column":16},"end":{"line":306,"column":61}},"96":{"start":{"line":307,"column":16},"end":{"line":310,"column":19}},"97":{"start":{"line":313,"column":12},"end":{"line":333,"column":15}},"98":{"start":{"line":320,"column":16},"end":{"line":320,"column":39}},"99":{"start":{"line":321,"column":16},"end":{"line":321,"column":37}},"100":{"start":{"line":324,"column":16},"end":{"line":324,"column":57}},"101":{"start":{"line":327,"column":16},"end":{"line":327,"column":81}},"102":{"start":{"line":328,"column":16},"end":{"line":328,"column":61}},"103":{"start":{"line":329,"column":16},"end":{"line":332,"column":19}},"104":{"start":{"line":335,"column":12},"end":{"line":364,"column":15}},"105":{"start":{"line":340,"column":16},"end":{"line":340,"column":39}},"106":{"start":{"line":341,"column":16},"end":{"line":341,"column":45}},"107":{"start":{"line":343,"column":16},"end":{"line":343,"column":72}},"108":{"start":{"line":344,"column":16},"end":{"line":344,"column":48}},"109":{"start":{"line":348,"column":16},"end":{"line":348,"column":57}},"110":{"start":{"line":351,"column":16},"end":{"line":358,"column":18}},"111":{"start":{"line":359,"column":16},"end":{"line":359,"column":61}},"112":{"start":{"line":360,"column":16},"end":{"line":363,"column":19}},"113":{"start":{"line":367,"column":8},"end":{"line":399,"column":10}},"114":{"start":{"line":368,"column":12},"end":{"line":398,"column":15}},"115":{"start":{"line":370,"column":16},"end":{"line":370,"column":45}},"116":{"start":{"line":371,"column":16},"end":{"line":371,"column":36}},"117":{"start":{"line":372,"column":34},"end":{"line":372,"column":61}},"118":{"start":{"line":374,"column":16},"end":{"line":376,"column":19}},"119":{"start":{"line":375,"column":20},"end":{"line":375,"column":36}},"120":{"start":{"line":377,"column":16},"end":{"line":377,"column":54}},"121":{"start":{"line":380,"column":16},"end":{"line":380,"column":57}},"122":{"start":{"line":383,"column":16},"end":{"line":390,"column":18}},"123":{"start":{"line":391,"column":16},"end":{"line":391,"column":67}},"124":{"start":{"line":392,"column":16},"end":{"line":392,"column":61}},"125":{"start":{"line":393,"column":16},"end":{"line":397,"column":19}},"126":{"start":{"line":402,"column":4},"end":{"line":498,"column":6}},"127":{"start":{"line":407,"column":8},"end":{"line":417,"column":11}},"128":{"start":{"line":408,"column":12},"end":{"line":411,"column":14}},"129":{"start":{"line":412,"column":12},"end":{"line":415,"column":14}},"130":{"start":{"line":416,"column":12},"end":{"line":416,"column":33}},"131":{"start":{"line":419,"column":8},"end":{"line":475,"column":10}},"132":{"start":{"line":420,"column":12},"end":{"line":449,"column":15}},"133":{"start":{"line":422,"column":41},"end":{"line":433,"column":17}},"134":{"start":{"line":436,"column":16},"end":{"line":436,"column":71}},"135":{"start":{"line":439,"column":16},"end":{"line":439,"column":51}},"136":{"start":{"line":442,"column":16},"end":{"line":442,"column":68}},"137":{"start":{"line":443,"column":16},"end":{"line":443,"column":61}},"138":{"start":{"line":444,"column":16},"end":{"line":448,"column":19}},"139":{"start":{"line":451,"column":12},"end":{"line":474,"column":15}},"140":{"start":{"line":458,"column":41},"end":{"line":458,"column":43}},"141":{"start":{"line":461,"column":16},"end":{"line":461,"column":71}},"142":{"start":{"line":464,"column":16},"end":{"line":464,"column":51}},"143":{"start":{"line":467,"column":16},"end":{"line":467,"column":68}},"144":{"start":{"line":468,"column":16},"end":{"line":468,"column":61}},"145":{"start":{"line":469,"column":16},"end":{"line":473,"column":19}},"146":{"start":{"line":477,"column":8},"end":{"line":497,"column":10}},"147":{"start":{"line":478,"column":12},"end":{"line":496,"column":15}},"148":{"start":{"line":480,"column":34},"end":{"line":480,"column":61}},"149":{"start":{"line":481,"column":16},"end":{"line":483,"column":19}},"150":{"start":{"line":482,"column":20},"end":{"line":482,"column":36}},"151":{"start":{"line":486,"column":16},"end":{"line":486,"column":51}},"152":{"start":{"line":489,"column":16},"end":{"line":489,"column":68}},"153":{"start":{"line":490,"column":16},"end":{"line":490,"column":61}},"154":{"start":{"line":491,"column":16},"end":{"line":495,"column":19}},"155":{"start":{"line":500,"column":4},"end":{"line":606,"column":7}},"156":{"start":{"line":505,"column":8},"end":{"line":515,"column":11}},"157":{"start":{"line":506,"column":12},"end":{"line":509,"column":14}},"158":{"start":{"line":510,"column":12},"end":{"line":513,"column":14}},"159":{"start":{"line":514,"column":12},"end":{"line":514,"column":33}},"160":{"start":{"line":517,"column":8},"end":{"line":543,"column":10}},"161":{"start":{"line":518,"column":12},"end":{"line":542,"column":15}},"162":{"start":{"line":520,"column":16},"end":{"line":520,"column":45}},"163":{"start":{"line":522,"column":43},"end":{"line":526,"column":17}},"164":{"start":{"line":529,"column":16},"end":{"line":529,"column":76}},"165":{"start":{"line":532,"column":16},"end":{"line":532,"column":57}},"166":{"start":{"line":535,"column":16},"end":{"line":535,"column":89}},"167":{"start":{"line":536,"column":16},"end":{"line":536,"column":61}},"168":{"start":{"line":537,"column":16},"end":{"line":541,"column":19}},"169":{"start":{"line":545,"column":8},"end":{"line":583,"column":10}},"170":{"start":{"line":546,"column":12},"end":{"line":566,"column":15}},"171":{"start":{"line":552,"column":16},"end":{"line":552,"column":45}},"172":{"start":{"line":554,"column":16},"end":{"line":554,"column":62}},"173":{"start":{"line":557,"column":16},"end":{"line":557,"column":57}},"174":{"start":{"line":560,"column":16},"end":{"line":560,"column":89}},"175":{"start":{"line":561,"column":16},"end":{"line":561,"column":61}},"176":{"start":{"line":562,"column":16},"end":{"line":565,"column":19}},"177":{"start":{"line":568,"column":12},"end":{"line":582,"column":15}},"178":{"start":{"line":570,"column":16},"end":{"line":570,"column":39}},"179":{"start":{"line":573,"column":16},"end":{"line":573,"column":57}},"180":{"start":{"line":576,"column":16},"end":{"line":576,"column":71}},"181":{"start":{"line":577,"column":16},"end":{"line":577,"column":61}},"182":{"start":{"line":578,"column":16},"end":{"line":581,"column":19}},"183":{"start":{"line":585,"column":8},"end":{"line":605,"column":10}},"184":{"start":{"line":586,"column":12},"end":{"line":604,"column":15}},"185":{"start":{"line":588,"column":16},"end":{"line":588,"column":41}},"186":{"start":{"line":589,"column":34},"end":{"line":589,"column":61}},"187":{"start":{"line":590,"column":16},"end":{"line":592,"column":19}},"188":{"start":{"line":591,"column":20},"end":{"line":591,"column":36}},"189":{"start":{"line":595,"column":16},"end":{"line":595,"column":57}},"190":{"start":{"line":598,"column":16},"end":{"line":598,"column":85}},"191":{"start":{"line":598,"column":86},"end":{"line":598,"column":131}},"192":{"start":{"line":599,"column":16},"end":{"line":603,"column":19}},"193":{"start":{"line":608,"column":4},"end":{"line":714,"column":7}},"194":{"start":{"line":613,"column":8},"end":{"line":623,"column":11}},"195":{"start":{"line":614,"column":12},"end":{"line":617,"column":14}},"196":{"start":{"line":618,"column":12},"end":{"line":621,"column":14}},"197":{"start":{"line":622,"column":12},"end":{"line":622,"column":33}},"198":{"start":{"line":625,"column":8},"end":{"line":650,"column":11}},"199":{"start":{"line":626,"column":12},"end":{"line":649,"column":15}},"200":{"start":{"line":628,"column":16},"end":{"line":628,"column":36}},"201":{"start":{"line":630,"column":43},"end":{"line":634,"column":17}},"202":{"start":{"line":637,"column":16},"end":{"line":637,"column":86}},"203":{"start":{"line":640,"column":16},"end":{"line":640,"column":57}},"204":{"start":{"line":643,"column":16},"end":{"line":643,"column":82}},"205":{"start":{"line":644,"column":16},"end":{"line":644,"column":61}},"206":{"start":{"line":645,"column":16},"end":{"line":648,"column":19}},"207":{"start":{"line":652,"column":8},"end":{"line":690,"column":11}},"208":{"start":{"line":653,"column":12},"end":{"line":673,"column":15}},"209":{"start":{"line":659,"column":16},"end":{"line":659,"column":44}},"210":{"start":{"line":661,"column":16},"end":{"line":661,"column":72}},"211":{"start":{"line":664,"column":16},"end":{"line":664,"column":57}},"212":{"start":{"line":667,"column":16},"end":{"line":667,"column":90}},"213":{"start":{"line":668,"column":16},"end":{"line":668,"column":61}},"214":{"start":{"line":669,"column":16},"end":{"line":672,"column":19}},"215":{"start":{"line":675,"column":12},"end":{"line":689,"column":15}},"216":{"start":{"line":677,"column":16},"end":{"line":677,"column":39}},"217":{"start":{"line":680,"column":16},"end":{"line":680,"column":57}},"218":{"start":{"line":683,"column":16},"end":{"line":683,"column":81}},"219":{"start":{"line":684,"column":16},"end":{"line":684,"column":61}},"220":{"start":{"line":685,"column":16},"end":{"line":688,"column":19}},"221":{"start":{"line":692,"column":8},"end":{"line":713,"column":11}},"222":{"start":{"line":693,"column":12},"end":{"line":712,"column":15}},"223":{"start":{"line":695,"column":16},"end":{"line":695,"column":36}},"224":{"start":{"line":696,"column":34},"end":{"line":696,"column":61}},"225":{"start":{"line":697,"column":16},"end":{"line":699,"column":19}},"226":{"start":{"line":698,"column":20},"end":{"line":698,"column":36}},"227":{"start":{"line":702,"column":16},"end":{"line":702,"column":57}},"228":{"start":{"line":705,"column":16},"end":{"line":705,"column":82}},"229":{"start":{"line":706,"column":16},"end":{"line":706,"column":61}},"230":{"start":{"line":707,"column":16},"end":{"line":711,"column":19}}},"fnMap":{"0":{"name":"(anonymous_0)","decl":{"start":{"line":21,"column":46},"end":{"line":21,"column":47}},"loc":{"start":{"line":21,"column":52},"end":{"line":21,"column":55}},"line":21},"1":{"name":"(anonymous_1)","decl":{"start":{"line":23,"column":37},"end":{"line":23,"column":38}},"loc":{"start":{"line":23,"column":43},"end":{"line":715,"column":1}},"line":23},"2":{"name":"(anonymous_2)","decl":{"start":{"line":24,"column":55},"end":{"line":24,"column":56}},"loc":{"start":{"line":24,"column":61},"end":{"line":196,"column":5}},"line":24},"3":{"name":"(anonymous_3)","decl":{"start":{"line":29,"column":19},"end":{"line":29,"column":20}},"loc":{"start":{"line":29,"column":25},"end":{"line":38,"column":9}},"line":29},"4":{"name":"(anonymous_4)","decl":{"start":{"line":40,"column":54},"end":{"line":40,"column":55}},"loc":{"start":{"line":40,"column":60},"end":{"line":76,"column":9}},"line":40},"5":{"name":"(anonymous_5)","decl":{"start":{"line":41,"column":71},"end":{"line":41,"column":72}},"loc":{"start":{"line":41,"column":83},"end":{"line":75,"column":13}},"line":41},"6":{"name":"(anonymous_6)","decl":{"start":{"line":55,"column":49},"end":{"line":55,"column":50}},"loc":{"start":{"line":55,"column":56},"end":{"line":57,"column":17}},"line":55},"7":{"name":"(anonymous_7)","decl":{"start":{"line":78,"column":63},"end":{"line":78,"column":64}},"loc":{"start":{"line":78,"column":69},"end":{"line":171,"column":9}},"line":78},"8":{"name":"(anonymous_8)","decl":{"start":{"line":79,"column":69},"end":{"line":79,"column":70}},"loc":{"start":{"line":79,"column":81},"end":{"line":100,"column":13}},"line":79},"9":{"name":"(anonymous_9)","decl":{"start":{"line":102,"column":71},"end":{"line":102,"column":72}},"loc":{"start":{"line":102,"column":83},"end":{"line":120,"column":13}},"line":102},"10":{"name":"(anonymous_10)","decl":{"start":{"line":122,"column":58},"end":{"line":122,"column":59}},"loc":{"start":{"line":122,"column":70},"end":{"line":136,"column":13}},"line":122},"11":{"name":"(anonymous_11)","decl":{"start":{"line":138,"column":65},"end":{"line":138,"column":66}},"loc":{"start":{"line":138,"column":77},"end":{"line":170,"column":13}},"line":138},"12":{"name":"(anonymous_12)","decl":{"start":{"line":173,"column":50},"end":{"line":173,"column":51}},"loc":{"start":{"line":173,"column":56},"end":{"line":195,"column":9}},"line":173},"13":{"name":"(anonymous_13)","decl":{"start":{"line":174,"column":60},"end":{"line":174,"column":61}},"loc":{"start":{"line":174,"column":72},"end":{"line":194,"column":13}},"line":174},"14":{"name":"(anonymous_14)","decl":{"start":{"line":179,"column":57},"end":{"line":179,"column":58}},"loc":{"start":{"line":179,"column":63},"end":{"line":181,"column":17}},"line":179},"15":{"name":"(anonymous_15)","decl":{"start":{"line":198,"column":56},"end":{"line":198,"column":57}},"loc":{"start":{"line":198,"column":62},"end":{"line":400,"column":5}},"line":198},"16":{"name":"(anonymous_16)","decl":{"start":{"line":203,"column":19},"end":{"line":203,"column":20}},"loc":{"start":{"line":203,"column"
[...]
":17}},"line":769},"72":{"name":"(anonymous_72)","decl":{"start":{"line":785,"column":41},"end":{"line":785,"column":42}},"loc":{"start":{"line":785,"column":47},"end":{"line":818,"column":13}},"line":785},"73":{"name":"(anonymous_73)","decl":{"start":{"line":786,"column":63},"end":{"line":786,"column":64}},"loc":{"start":{"line":786,"column":75},"end":{"line":798,"column":17}},"line":786},"74":{"name":"(anonymous_74)","decl":{"start":{"line":800,"column":61},"end":{"line":800,"column":62}},"loc":{"start":{"line":800,"column":73},"end":{"line":817,"column":17}},"line":800},"75":{"name":"(anonymous_75)","decl":{"start":{"line":824,"column":28},"end":{"line":824,"column":29}},"loc":{"start":{"line":824,"column":34},"end":{"line":1215,"column":1}},"line":824},"76":{"name":"(anonymous_76)","decl":{"start":{"line":827,"column":15},"end":{"line":827,"column":16}},"loc":{"start":{"line":827,"column":21},"end":{"line":833,"column":5}},"line":827},"77":{"name":"(anonymous_77)","decl":{"start":{"line":834,"column":41},"end":{"line":834,"column":42}},"loc":{"start":{"line":834,"column":47},"end":{"line":927,"column":5}},"line":834},"78":{"name":"(anonymous_78)","decl":{"start":{"line":835,"column":31},"end":{"line":835,"column":32}},"loc":{"start":{"line":835,"column":37},"end":{"line":908,"column":9}},"line":835},"79":{"name":"(anonymous_79)","decl":{"start":{"line":836,"column":23},"end":{"line":836,"column":24}},"loc":{"start":{"line":836,"column":29},"end":{"line":871,"column":13}},"line":836},"80":{"name":"(anonymous_80)","decl":{"start":{"line":873,"column":48},"end":{"line":873,"column":49}},"loc":{"start":{"line":873,"column":60},"end":{"line":885,"column":13}},"line":873},"81":{"name":"(anonymous_81)","decl":{"start":{"line":887,"column":45},"end":{"line":887,"column":46}},"loc":{"start":{"line":887,"column":57},"end":{"line":907,"column":13}},"line":887},"82":{"name":"(anonymous_82)","decl":{"start":{"line":909,"column":27},"end":{"line":909,"column":28}},"loc":{"start":{"line":909,"column":33},"end":{"line":926,"column":9}},"line":909},"83":{"name":"(anonymous_83)","decl":{"start":{"line":910,"column":39},"end":{"line":910,"column":40}},"loc":{"start":{"line":910,"column":45},"end":{"line":925,"column":13}},"line":910},"84":{"name":"(anonymous_84)","decl":{"start":{"line":911,"column":67},"end":{"line":911,"column":68}},"loc":{"start":{"line":911,"column":79},"end":{"line":924,"column":17}},"line":911},"85":{"name":"(anonymous_85)","decl":{"start":{"line":928,"column":39},"end":{"line":928,"column":40}},"loc":{"start":{"line":928,"column":45},"end":{"line":971,"column":5}},"line":928},"86":{"name":"(anonymous_86)","decl":{"start":{"line":929,"column":19},"end":{"line":929,"column":20}},"loc":{"start":{"line":929,"column":25},"end":{"line":931,"column":9}},"line":929},"87":{"name":"(anonymous_87)","decl":{"start":{"line":932,"column":31},"end":{"line":932,"column":32}},"loc":{"start":{"line":932,"column":37},"end":{"line":947,"column":9}},"line":932},"88":{"name":"(anonymous_88)","decl":{"start":{"line":933,"column":59},"end":{"line":933,"column":60}},"loc":{"start":{"line":933,"column":71},"end":{"line":946,"column":13}},"line":933},"89":{"name":"(anonymous_89)","decl":{"start":{"line":936,"column":44},"end":{"line":936,"column":45}},"loc":{"start":{"line":936,"column":50},"end":{"line":936,"column":55}},"line":936},"90":{"name":"(anonymous_90)","decl":{"start":{"line":948,"column":27},"end":{"line":948,"column":28}},"loc":{"start":{"line":948,"column":33},"end":{"line":970,"column":9}},"line":948},"91":{"name":"(anonymous_91)","decl":{"start":{"line":949,"column":40},"end":{"line":949,"column":41}},"loc":{"start":{"line":949,"column":46},"end":{"line":969,"column":13}},"line":949},"92":{"name":"(anonymous_92)","decl":{"start":{"line":950,"column":67},"end":{"line":950,"column":68}},"loc":{"start":{"line":950,"column":79},"end":{"line":968,"column":17}},"line":950},"93":{"name":"(anonymous_93)","decl":{"start":{"line":955,"column":48},"end":{"line":955,"column":49}},"loc":{"start":{"line":955,"column":54},"end":{"line":957,"column":25}},"line":955},"94":{"name":"(anonymous_94)","decl":{"start":{"line":972,"column":38},"end":{"line":972,"column":39}},"loc":{"start":{"line":972,"column":44},"end":{"line":1046,"column":5}},"line":972},"95":{"name":"(anonymous_95)","decl":{"start":{"line":973,"column":31},"end":{"line":973,"column":32}},"loc":{"start":{"line":973,"column":37},"end":{"line":1020,"column":9}},"line":973},"96":{"name":"(anonymous_96)","decl":{"start":{"line":974,"column":56},"end":{"line":974,"column":57}},"loc":{"start":{"line":974,"column":68},"end":{"line":993,"column":13}},"line":974},"97":{"name":"(anonymous_97)","decl":{"start":{"line":995,"column":66},"end":{"line":995,"column":67}},"loc":{"start":{"line":995,"column":78},"end":{"line":1019,"column":13}},"line":995},"98":{"name":"(anonymous_98)","decl":{"start":{"line":1022,"column":27},"end":{"line":1022,"column":28}},"loc":{"start":{"line":1022,"column":33},"end":{"line":1045,"column":9}},"line":1022},"99":{"name":"(anonymous_99)","decl":{"start":{"line":1023,"column":39},"end":{"line":1023,"column":40}},"loc":{"start":{"line":1023,"column":45},"end":{"line":1044,"column":13}},"line":1023},"100":{"name":"(anonymous_100)","decl":{"start":{"line":1024,"column":67},"end":{"line":1024,"column":68}},"loc":{"start":{"line":1024,"column":79},"end":{"line":1043,"column":17}},"line":1024},"101":{"name":"(anonymous_101)","decl":{"start":{"line":1048,"column":40},"end":{"line":1048,"column":41}},"loc":{"start":{"line":1048,"column":46},"end":{"line":1091,"column":5}},"line":1048},"102":{"name":"(anonymous_102)","decl":{"start":{"line":1049,"column":31},"end":{"line":1049,"column":32}},"loc":{"start":{"line":1049,"column":37},"end":{"line":1069,"column":9}},"line":1049},"103":{"name":"(anonymous_103)","decl":{"start":{"line":1050,"column":48},"end":{"line":1050,"column":49}},"loc":{"start":{"line":1050,"column":60},"end":{"line":1068,"column":13}},"line":1050},"104":{"name":"(anonymous_104)","decl":{"start":{"line":1070,"column":27},"end":{"line":1070,"column":28}},"loc":{"start":{"line":1070,"column":33},"end":{"line":1090,"column":9}},"line":1070},"105":{"name":"(anonymous_105)","decl":{"start":{"line":1071,"column":39},"end":{"line":1071,"column":40}},"loc":{"start":{"line":1071,"column":45},"end":{"line":1089,"column":13}},"line":1071},"106":{"name":"(anonymous_106)","decl":{"start":{"line":1072,"column":67},"end":{"line":1072,"column":68}},"loc":{"start":{"line":1072,"column":79},"end":{"line":1088,"column":17}},"line":1072},"107":{"name":"(anonymous_107)","decl":{"start":{"line":1092,"column":41},"end":{"line":1092,"column":42}},"loc":{"start":{"line":1092,"column":47},"end":{"line":1150,"column":5}},"line":1092},"108":{"name":"(anonymous_108)","decl":{"start":{"line":1093,"column":31},"end":{"line":1093,"column":32}},"loc":{"start":{"line":1093,"column":37},"end":{"line":1124,"column":9}},"line":1093},"109":{"name":"(anonymous_109)","decl":{"start":{"line":1094,"column":48},"end":{"line":1094,"column":49}},"loc":{"start":{"line":1094,"column":60},"end":{"line":1123,"column":13}},"line":1094},"110":{"name":"(anonymous_110)","decl":{"start":{"line":1125,"column":27},"end":{"line":1125,"column":28}},"loc":{"start":{"line":1125,"column":33},"end":{"line":1149,"column":9}},"line":1125},"111":{"name":"(anonymous_111)","decl":{"start":{"line":1126,"column":39},"end":{"line":1126,"column":40}},"loc":{"start":{"line":1126,"column":45},"end":{"line":1148,"column":13}},"line":1126},"112":{"name":"(anonymous_112)","decl":{"start":{"line":1127,"column":67},"end":{"line":1127,"column":68}},"loc":{"start":{"line":1127,"column":79},"end":{"line":1147,"column":17}},"line":1127},"113":{"name":"(anonymous_113)","decl":{"start":{"line":1151,"column":42},"end":{"line":1151,"column":43}},"loc":{"start":{"line":1151,"column":48},"end":{"line":1214,"column":5}},"line":1151},"114":{"name":"(anonymous_114)","decl":{"start":{"line":1152,"column":31},"end":{"line":1152,"column":32}},"loc":{"start":{"line":1152,"column":37},"end":{"line":1175,"column":9}},"line":1152},"115":{"name":"(anonymous_115)","decl":{"start":{"line":1153,"column":48},"end":{"line":1153,"column":49}},"loc":{"start":{"line":1153,"column":60},"end":{"line":1174,"column":13}},"line":1153},"116":{"name":"(anonymous_116)","decl":{"start":{"line":1176,"column":27},"end":{"line":1176,"column":28}},"loc":{"start":{"line":1176,"column":33},"end":{"line":1213,"column":9}},"line":1176},"117":{"name":"(anonymous_117)","decl":{"start":{"line":1177,"column":72},"end":{"line":1177,"column":73}},"loc":{"start":{"line":1177,"column":84},"end":{"line":1192,"column":13}},"line":1177},"118":{"name":"(anonymous_118)","decl":{"start":{"line":1194,"column":72},"end":{"line":1194,"column":73}},"loc":{"start":{"line":1194,"column":84},"end":{"line":1212,"column":13}},"line":1194},"119":{"name":"(anonymous_119)","decl":{"start":{"line":1219,"column":30},"end":{"line":1219,"column":31}},"loc":{"start":{"line":1219,"column":36},"end":{"line":1635,"column":1}},"line":1219},"120":{"name":"(anonymous_120)","decl":{"start":{"line":1220,"column":56},"end":{"line":1220,"column":57}},"loc":{"start":{"line":1220,"column":62},"end":{"line":1303,"column":5}},"line":1220},"121":{"name":"(anonymous_121)","decl":{"start":{"line":1224,"column":19},"end":{"line":1224,"column":20}},"loc":{"start":{"line":1224,"column":25},"end":{"line":1233,"column":9}},"line":1224},"122":{"name":"(anonymous_122)","decl":{"start":{"line":1235,"column":18},"end":{"line":1235,"column":19}},"loc":{"start":{"line":1235,"column":24},"end":{"line":1237,"column":9}},"line":1235},"123":{"name":"(anonymous_123)","decl":{"start":{"line":1239,"column":49},"end":{"line":1239,"column":50}},"loc":{"start":{"line":1239,"column":55},"end":{"line":1258,"column":9}},"line":1239},"124":{"name":"(anonymous_124)","decl":{"start":{"line":1240,"column":78},"end":{"line":1240,"column":79}},"loc":{"start":{"line":1240,"column":90},"end":{"line":1257,"column":13}},"line":1240},"125":{"name":"(anonymous_125)","decl":{"start":{"line":1260,"column":56},"end":{"line":1260,"column":57}},"loc":{"start":{"line":1260,"column":62},"end":{"line":1279,"column":9}},"line":1260},"126":{"name":"(anonymous_126)","decl":{"start":{"line":1261,"column":98},"end":{"line":1261,"column":99}},"loc":{"start":{"line":1261,"column":110},"end":{"line":1278,"column":13}},"line":1261},"127":{"name":"(anonymous_127)","decl":{"start":{"line":1281,"column":41},"end":{"line":1281,"column":42}},"loc":{"start":{"line":1281,"column":47},"end":{"line":1302,"column":9}},"line":1281},"128":{"name":"(anonymous_128)","decl":{"start":{"line":1282,"column":79},"end":{"line":1282,"column":80}},"loc":{"start":{"line":1282,"column":91},"end":{"line":1301,"column":13}},"line":1282},"129":{"name":"(anonymous_129)","decl":{"start":{"line":1286,"column":60},"end":{"line":1286,"column":61}},"loc":{"start":{"line":1286,"column":66},"end":{"line":1288,"column":17}},"line":1286},"130":{"name":"(anonymous_130)","decl":{"start":{"line":1305,"column":58},"end":{"line":1305,"column":59}},"loc":{"start":{"line":1305,"column":64},"end":{"line":1634,"column":5}},"line":1305},"131":{"name":"(anonymous_131)","decl":{"start":{"line":1309,"column":19},"end":{"line":1309,"column":20}},"loc":{"start":{"line":1309,"column":25},"end":{"line":1320,"column":9}},"line":1309},"132":{"name":"(anonymous_132)","decl":{"start":{"line":1322,"column":18},"end":{"line":1322,"column":19}},"loc":{"start":{"line":1322,"column":24},"end":{"line":1324,"column":9}},"line":1322},"133":{"name":"(anonymous_133)","decl":{"start":{"line":1326,"column":52},"end":{"line":1326,"column":53}},"loc":{"start":{"line":1326,"column":58},"end":{"line":1453,"column":9}},"line":1326},"134":{"name":"(anonymous_134)","decl":{"start":{"line":1327,"column":83},"end":{"line":1327,"column":84}},"loc":{"start":{"line":1327,"column":95},"end":{"line":1391,"column":13}},"line":1327},"135":{"name":"(anonymous_135)","decl":{"start":{"line":1359,"column":50},"end":{"line":1359,"column":51}},"loc":{"start":{"line":1359,"column":56},"end":{"line":1363,"column":17}},"line":1359},"136":{"name":"(anonymous_136)","decl":{"start":{"line":1393,"column":57},"end":{"line":1393,"column":58}},"loc":{"start":{"line":1393,"column":69},"end":{"line":1452,"column":13}},"line":1393},"137":{"name":"(anonymous_137)","decl":{"start":{"line":1428,"column":50},"end":{"line":1428,"column":51}},"loc":{"start":{"line":1428,"column":56},"end":{"line":1432,"column":17}},"line":1428},"138":{"name":"(anonymous_138)","decl":{"start":{"line":1455,"column":74},"end":{"line":1455,"column":75}},"loc":{"start":{"line":1455,"column":80},"end":{"line":1557,"column":9}},"line":1455},"139":{"name":"(anonymous_139)","decl":{"start":{"line":1456,"column":54},"end":{"line":1456,"column":55}},"loc":{"start":{"line":1456,"column":66},"end":{"line":1481,"column":13}},"line":1456},"140":{"name":"(anonymous_140)","decl":{"start":{"line":1483,"column":60},"end":{"line":1483,"column":61}},"loc":{"start":{"line":1483,"column":72},"end":{"line":1506,"column":13}},"line":1483},"141":{"name":"(anonymous_141)","decl":{"start":{"line":1508,"column":73},"end":{"line":1508,"column":74}},"loc":{"start":{"line":1508,"column":85},"end":{"line":1531,"column":13}},"line":1508},"142":{"name":"(anonymous_142)","decl":{"start":{"line":1533,"column":54},"end":{"line":1533,"column":55}},"loc":{"start":{"line":1533,"column":66},"end":{"line":1556,"column":13}},"line":1533},"143":{"name":"(anonymous_143)","decl":{"start":{"line":1559,"column":58},"end":{"line":1559,"column":59}},"loc":{"start":{"line":1559,"column":64},"end":{"line":1594,"column":9}},"line":1559},"144":{"name":"(anonymous_144)","decl":{"start":{"line":1560,"column":108},"end":{"line":1560,"column":109}},"loc":{"start":{"line":1560,"column":120},"end":{"line":1593,"column":13}},"line":1560},"145":{"name":"(anonymous_145)","decl":{"start":{"line":1596,"column":41},"end":{"line":1596,"column":42}},"loc":{"start":{"line":1596,"column":47},"end":{"line":1633,"column":9}},"line":1596},"146":{"name":"(anonymous_146)","decl":{"start":{"line":1597,"column":79},"end":{"line":1597,"column":80}},"loc":{"start":{"line":1597,"column":91},"end":{"line":1632,"column":13}},"line":1597},"147":{"name":"(anonymous_147)","decl":{"start":{"line":1610,"column":59},"end":{"line":1610,"column":60}},"loc":{"start":{"line":1610,"column":65},"end":{"line":1612,"column":17}},"line":1610}},"branchMap":{},"s":{"0":0,"1":0,"2":0,"3":0,"4":0,"5":0,"6":0,"7":0,"8":0,"9":0,"10":0,"11":0,"12":0,"13":0,"14":0,"15":0,"16":0,"17":0,"18":0,"19":0,"20":0,"21":0,"22":0,"23":0,"24":0,"25":0,"26":0,"27":0,"28":0,"29":0,"30":0,"31":0,"32":0,"33":0,"34":0,"35":0,"36":0,"37":0,"38":0,"39":0,"40":0,"41":0,"42":0,"43":0,"44":0,"45":0,"46":0,"47":0,"48":0,"49":0,"50":0,"51":0,"52":0,"53":0,"54":0,"55":0,"56":0,"57":0,"58":0,"59":0,"60":0,"61":0,"62":0,"63":0,"64":0,"65":0,"66":0,"67":0,"68":0,"69":0,"70":0,"71":0,"72":0,"73":0,"74":0,"75":0,"76":0,"77":0,"78":0,"79":0,"80":0,"81":0,"82":0,"83":0,"84":0,"85":0,"86":0,"87":0,"88":0,"89":0,"90":0,"91":0,"92":0,"93":0,"94":0,"95":0,"96":0,"97":0,"98":0,"99":0,"100":0,"101":0,"102":0,"103":0,"104":0,"105":0,"106":0,"107":0,"108":0,"109":0,"110":0,"111":0,"112":0,"113":0,"114":0,"115":0,"116":0,"117":0,"118":0,"119":0,"120":0,"121":0,"122":0,"123":0,"124":0,"125":0,"126":0,"127":0,"128":0,"129":0,"130":0,"131":0,"132":0,"133":0,"134":0,"135":0,"136":0,"137":0,"138":0,"139":0,"140":0,"141":0,"142":0,"143":0,"144":0,"145":0,"146":0,"147":0,"148":0,"149":0,"150":0,"151":0,"152":0,"153":0,"154":0,"155":0,"156":0,"157":0,"158":0,"159":0,"160":0,"161":0,"162":0,"163":0,"164":0,"165":0,"166":0,"167":0,"168":0,"169":0,"170":0,"171":0,"172":0,"173":0,"174":0,"175":0,"176":0,"177":0,"178":0,"179":0,"180":0,"181":0,"182":0,"183":0,"184":0,"185":0,"186":0,"187":0,"188":0,"189":0,"190":0,"191":0,"192":0,"193":0,"194":0,"195":0,"196":0,"197":0,"198":0,"199":0,"200":0,"201":0,"202":0,"203":0,"204":0,"205":0,"206":0,"207":0,"208":0,"209":0,"210":0,"211":0,"212":0,"213":0,"214":0,"215":0,"216":0,"217":0,"218":0,"219":0,"220":0,"221":0,"222":0,"223":0,"224":0,"225":0,"226":0,"227":0,"228":0,"229":0,"230":0,"231":0,"232":0,"233":0,"234":0,"235":0,"236":0,"237":0,"238":0,"239":0,"240":0,"241":0,"242":0,"243":0,"244":0,"245":0,"246":0,"247":0,"248":0,"249":0,"250":0,"251":0,"252":0,"253":0,"254":0,"255":0,"256":0,"257":0,"258":0,"259":0,"260":0,"261":0,"262":0,"263":0,"264":0,"265":0,"266":0,"267":0,"268":0,"269":0,"270":0,"271":0,"272":0,"273":0,"274":0,"275":0,"276":0,"277":0,"278":0,"279":0,"280":0,"281":0,"282":0,"283":0,"284":0,"285":0,"286":0,"287":0,"288":0,"289":0,"290":0,"291":0,"292":0,"293":0,"294":0,"295":0,"296":0,"297":0,"298":0,"299":0,"300":0,"301":0,"302":0,"303":0,"304":0,"305":0,"306":0,"307":0,"308":0,"309":0,"310":0,"311":0,"312":0,"313":0,"314":0,"315":0,"316":0,"317":0,"318":0,"319":0,"320":0,"321":0,"322":0,"323":0,"324":0,"325":0,"326":0,"327":0,"328":0,"329":0,"330":0,"331":0,"332":0,"333":0,"334":0,"335":0,"336":0,"337":0,"338":0,"339":0,"340":0,"341":0,"342":0,"343":0,"344":0,"345":0,"346":0,"347":0,"348":0,"349":0,"350":0,"351":0,"352":0,"353":0,"354":0,"355":0,"356":0,"357":0,"358":0,"359":0,"360":0,"361":0,"362":0,"363":0,"364":0,"365":0,"366":0,"367":0,"368":0,"369":0,"370":0,"371":0,"372":0,"373":0,"374":0,"375":0,"376":0,"377":0,"378":0,"379":0,"380":0,"381":0,"382":0,"383":0,"384":0,"385":0,"386":0,"387":0,"388":0,"389":0,"390":0,"391":0,"392":0,"393":0,"394":0,"395":0,"396":0,"397":0,"398":0,"399":0,"400":0,"401":0,"402":0,"403":0,"404":0,"405":0,"406":0,"407":0,"408":0,"409":0,"410":0,"411":0,"412":0,"413":0,"414":0,"415":0,"416":0,"417":0,"418":0,"419":0,"420":0,"421":0,"422":0,"423":0,"424":0,"425":0,"426":0,"427":0,"428":0,"429":0,"430":0,"431":0,"432":0,"433":0,"434":0,"435":0,"436":0,"437":0,"438":0,"439":0,"440":0,"441":0,"442":0,"443":0,"444":0,"445":0,"446":0,"447":0,"448":0,"449":0,"450":0,"451":0,"452":0,"453":0,"454":0,"455":0,"456":0,"457":0,"458":0,"459":0,"460":0,"461":0,"462":0,"463":0,"464":0,"465":0,"466":0,"467":0,"468":0,"469":0,"470":0,"471":0,"472":0,"473":0,"474":0,"475":0,"476":0,"477":0,"478":0,"479":0,"480":0,"481":0,"482":0,"483":0,"484":0,"485":0,"486":0,"487":0,"488":0,"489":0,"490":0,"491":0,"492":0,"493":0,"494":0,"495":0,"496":0,"497":0,"498":0,"499":0,"500":0,"501":0,"502":0,"503":0,"504":0,"505":0,"506":0,"507":0,"508":0,"509":0,"510":0,"511":0,"512":0,"513":0,"514":0,"515":0,"516":0,"517":0,"518":0,"519":0,"520":0,"521":0,"522":0,"523":0,"524":0,"525":0,"526":0,"527":0,"528":0,"529":0,"530":0,"531":0,"532":0,"533":0,"534":0,"535":0,"536":0,"537":0,"538":0,"539":0,"540":0,"541":0,"542":0,"543":0,"544":0,"545":0,"546":0,"547":0,"548":0,"549":0,"550":0,"551":0,"552":0,"553":0,"554":0,"555":0},"f":{"0":0,"1":0,"2":0,"3":0,"4":0,"5":0,"6":0,"7":0,"8":0,"9":0,"10":0,"11":0,"12":0,"13":0,"14":0,"15":0,"16":0,"17":0,"18":0,"19":0,"20":0,"21":0,"22":0,"23":0,"24":0,"25":0,"26":0,"27":0,"28":0,"29":0,"30":0,"31":0,"32":0,"33":0,"34":0,"35":0,"36":0,"37":0,"38":0,"39":0,"40":0,"41":0,"42":0,"43":0,"44":0,"45":0,"46":0,"47":0,"48":0,"49":0,"50":0,"51":0,"52":0,"53":0,"54":0,"55":0,"56":0,"57":0,"58":0,"59":0,"60":0,"61":0,"62":0,"63":0,"64":0,"65":0,"66":0,"67":0,"68":0,"69":0,"70":0,"71":0,"72":0,"73":0,"74":0,"75":0,"76":0,"77":0,"78":0,"79":0,"80":0,"81":0,"82":0,"83":0,"84":0,"85":0,"86":0,"87":0,"88":0,"89":0,"90":0,"91":0,"92":0,"93":0,"94":0,"95":0,"96":0,"97":0,"98":0,"99":0,"100":0,"101":0,"102":0,"103":0,"104":0,"105":0,"106":0,"107":0,"108":0,"109":0,"110":0,"111":0,"112":0,"113":0,"114":0,"115":0,"116":0,"117":0,"118":0,"119":0,"120":0,"121":0,"122":0,"123":0,"124":0,"125":0,"126":0,"127":0,"128":0,"129":0,"130":0,"131":0,"132":0,"133":0,"134":0,"135":0,"136":0,"137":0,"138":0,"139":0,"140":0,"141":0,"142":0,"143":0,"144":0,"145":0,"146":0,"147":0},"b":{}}}}
